<?xml version="1.0" encoding="UTF-8"?>
<!-- Generated by org.testng.reporters.JUnitXMLReporter -->
<testsuite ignored="0" hostname="Gauravs-MacBook-Air-V.local" failures="1" tests="1" name="Surefire test" time="107.343" errors="0" timestamp="2025-08-22T04:57:39 EDT">
  <testcase classname="io.cucumber.testng.AbstractTestNGCucumberTests" name="runScenario" time="97.944">
    <failure type="java.lang.AssertionError" message="Store Login Required!">
      <![CDATA[java.lang.AssertionError: Store Login Required!
at com.tonic.pageObjects.mobile.Login.performResourceLogin(Login.java:46)
at com.tonic.stepDefinitions.web.menu.MenuConfigurationSteps.theMobileAppIsLaunchedWithCredentials(MenuConfigurationSteps.java:126)
at ✽.The user is logged into the Tonic FOH with resource id "7","4" and "1"(file:///Users/vrize/Documents/vrize2/BOH_Automation/tonic-ai-automation/src/test/resources/features/web/menu/MenuConfiguration.feature:38)
... Removed 1 stack frames]]>
    </failure>
  </testcase> <!-- runScenario -->
</testsuite> <!-- Surefire test -->
