<?xml version="1.0" encoding="UTF-8"?>
<!-- Generated by org.testng.reporters.JUnitXMLReporter -->
<testsuite ignored="2" hostname="Gauravs-MacBook-Air-V.local" failures="0" tests="1" name="Surefire test" time="10.253" errors="0" timestamp="2025-05-23T19:26:01 AEST">
  <testcase classname="com.tonic.tests.web.LoginTest" name="loginWithValidCredentials" time="3.973"/>
  <testcase classname="com.tonic.tests.web.LoginTest" name="navigateToTerminalsPage" time="0.0">
    <ignored/>
  </testcase> <!-- navigateToTerminalsPage -->
  <testcase classname="com.tonic.tests.web.LoginTest" name="openAddTerminalDialog" time="0.0">
    <ignored/>
  </testcase> <!-- openAddTerminalDialog -->
</testsuite> <!-- Surefire test -->
