<?xml version="1.0" encoding="UTF-8"?>
<testsuite xmlns:xsi="http://www.w3.org/2001/XMLSchema-instance" xsi:noNamespaceSchemaLocation="https://maven.apache.org/surefire/maven-surefire-plugin/xsd/surefire-test-report-3.0.xsd" version="3.0" name="com.tonic.runners.TestRunner" time="107.916" tests="1" errors="0" skipped="0" failures="1">
  <properties>
[...]
</properties>
  <testcase name="runScenario[&quot;Add new category in BOH and validate the added category in FOH&quot;, &quot;Menu Category Management&quot;](1)" classname="com.tonic.runners.TestRunner" time="97.94">
    <failure message="Store Login Required!" type="java.lang.AssertionError"><![CDATA[java.lang.AssertionError: Store Login Required!
	at org.testng.Assert.fail(Assert.java:111)
	at com.tonic.pageObjects.mobile.Login.performResourceLogin(Login.java:46)
	at com.tonic.stepDefinitions.web.menu.MenuConfigurationSteps.theMobileAppIsLaunchedWithCredentials(MenuConfigurationSteps.java:126)
	at ✽.The user is logged into the Tonic FOH with resource id "7","4" and "1"(file:///Users/vrize/Documents/vrize2/BOH_Automation/tonic-ai-automation/src/test/resources/features/web/menu/MenuConfiguration.feature:38)
]]></failure>
    <system-out><![CDATA[[XRAY] Suppressing execId creation for retry attempt
[XRAY] Test run started

@menu @MenuConfiguration @regression @SampleE2E
Scenario: Add new category in BOH and validate the added category in FOH      # src/test/resources/features/web/menu/MenuConfiguration.feature:31
[XRAY] Test case started: Add new category in BOH and validate the added category in FOH | No Xray Key found
[HOOKS] Platform detected: HYBRID, isHybrid: true
App creds: prasanna@vrize.com:NonRoot@123
user is logged in successfully....
User is on the Menu Configuration Page
  Given The user navigates to "Configuration" > "Menu Configuration"          # com.tonic.stepDefinitions.web.menu.ModifiersSteps.theUserNavigatesTo(java.lang.String,java.lang.String)
  And User is on the "Menu Configuration" page                                # com.tonic.stepDefinitions.web.menu.ModifiersSteps.userIsOnTheSpecificPage(java.lang.String)
Categories list size: 141
  When The user clicks on plus icon to "Add New Category"                     # com.tonic.stepDefinitions.web.menu.MenuConfigurationSteps.theUserClicksOnPlusIconToAddCategory(java.lang.String)
  And The user enters value as "Foods" in "Enter category name here" field    # com.tonic.stepDefinitions.web.menu.MenuConfigurationSteps.userEntersAValueAsInField(java.lang.String,java.lang.String)
  And The user enables the "store-toggle"                                     # com.tonic.stepDefinitions.web.menu.MenuConfigurationSteps.theUserEnablesThe(java.lang.String)
  And The user clicks on "Saves the category & redirects" icon                # com.tonic.stepDefinitions.web.menu.MenuConfigurationSteps.userClicksOnTheIcon(java.lang.String)
  Then "Category Added Successfully" Pop up message should display            # com.tonic.stepDefinitions.web.menu.MenuConfigurationSteps.popUpMessageShouldDisplay(java.lang.String)
[DRIVER_FACTORY] Using device: android, runMode: local from config properties
AppiumDriver initialized using config properties
  When The user launches the mobile application                               # com.tonic.stepDefinitions.web.menu.MenuConfigurationSteps.theUserLaunchesTheMobileApplication()
  When The user is logged into the Tonic FOH with resource id "7","4" and "1" # com.tonic.stepDefinitions.web.menu.MenuConfigurationSteps.theMobileAppIsLaunchedWithCredentials(java.lang.String,java.lang.String,java.lang.String)
      java.lang.AssertionError: Store Login Required!
      	at org.testng.Assert.fail(Assert.java:111)
      	at com.tonic.pageObjects.mobile.Login.performResourceLogin(Login.java:46)
      	at com.tonic.stepDefinitions.web.menu.MenuConfigurationSteps.theMobileAppIsLaunchedWithCredentials(MenuConfigurationSteps.java:126)
      	at ✽.The user is logged into the Tonic FOH with resource id "7","4" and "1"(file:///Users/vrize/Documents/vrize2/BOH_Automation/tonic-ai-automation/src/test/resources/features/web/menu/MenuConfiguration.feature:38)

    Embedding Step_Screenshot [image/png 0 bytes]

  And Creates a new order by clicking on QS                                   # com.tonic.stepDefinitions.web.menu.MenuConfigurationSteps.createANewOrderByClickingOnQS()
  When The user clicks on Swipe Right icon on mobile                          # com.tonic.stepDefinitions.web.menu.MenuConfigurationSteps.tapOnSwipeRightIcon()
  Then User should be able to see added category                              # com.tonic.stepDefinitions.web.menu.MenuConfigurationSteps.validateCategory()
[HOOKS] Cleaning up mobile resources...
[HOOKS] Mobile app terminated successfully
[HOOKS] Mobile driver quit successfully
[HOOKS] Appium server stopped successfully
[HOOKS] Mobile cleanup completed
[XRAY] Test case finished: Add new category in BOH and validate the added category in FOH | No Xray Key found | Status: FAILED
]]></system-out>
    <system-err><![CDATA[[main] WARN org.testng.TestNG - Ignoring duplicate listener : io.qameta.allure.testng.AllureTestNg
[main] WARN org.testng.TestNG - Ignoring duplicate listener : io.qameta.allure.testng.AllureTestNg
[main] WARN org.testng.TestNG - Ignoring duplicate listener : io.qameta.allure.testng.AllureTestNg
[main] INFO com.tonic.listeners.CucumberRetryListener - Cucumber test run started with enhanced retry configuration - Enabled: true, Max Retries: 3, Immediate Rerun: true
[main] INFO com.tonic.utils.PropertyBuilder - Successfully loaded 88 properties from: /Users/vrize/Documents/vrize2/BOH_Automation/tonic-ai-automation/src/main/resources/config.properties
[main] INFO com.tonic.listeners.XrayLogger - Xray integration is disabled (xray_enabled=false). Skipping Test Execution initialization.
[TestNG-PoolService-0] INFO com.tonic.hooks.Hooks - === HOOK EXECUTION TRACKING ===
[TestNG-PoolService-0] INFO com.tonic.hooks.Hooks - Thread ID: 34
[TestNG-PoolService-0] INFO com.tonic.hooks.Hooks - Thread Name: TestNG-PoolService-0
[TestNG-PoolService-0] INFO com.tonic.hooks.Hooks - Scenario: Add new category in BOH and validate the added category in FOH
[TestNG-PoolService-0] INFO com.tonic.hooks.Hooks - [HOOKS] Starting Appium server for HYBRID mode (driver will be initialized later)...
[TestNG-PoolService-0] INFO com.tonic.hooks.Hooks - [HOOKS] Appium server started for HYBRID mode
[TestNG-PoolService-0] INFO com.tonic.hooks.Hooks - === XRAY DISABLED - LAUNCHING SINGLE BROWSER ===
[TestNG-PoolService-0] INFO com.tonic.hooks.Hooks - Thread ID: 34
[TestNG-PoolService-0] INFO com.tonic.factory.PlaywrightFactory - Loaded config properties from: src/main/resources/config.properties
[TestNG-PoolService-0] INFO com.tonic.factory.PlaywrightFactory - === BROWSER LAUNCH TRACKING ===
[TestNG-PoolService-0] INFO com.tonic.factory.PlaywrightFactory - Thread ID: 34
[TestNG-PoolService-0] INFO com.tonic.factory.PlaywrightFactory - Thread Name: TestNG-PoolService-0
[TestNG-PoolService-0] INFO com.tonic.factory.PlaywrightFactory - Launching browser: chrome
[TestNG-PoolService-0] INFO com.tonic.factory.PlaywrightFactory - === BROWSER INSTANCE CREATED ===
[TestNG-PoolService-0] INFO com.tonic.factory.PlaywrightFactory - Thread ID: 34
[TestNG-PoolService-0] INFO com.tonic.factory.PlaywrightFactory - Browser instance launched successfully
[TestNG-PoolService-0] INFO com.tonic.utils.PropertyBuilder - Successfully loaded 27 environment properties from: src/test/resources/config/environment.properties
[TestNG-PoolService-0] INFO com.tonic.factory.PlaywrightFactory - === NAVIGATING TO URL ===
[TestNG-PoolService-0] INFO com.tonic.factory.PlaywrightFactory - Thread ID: 34
[TestNG-PoolService-0] INFO com.tonic.factory.PlaywrightFactory - Navigating to URL: https://scrum-e-dev.nonprod.tonicpos.com/login
[TestNG-PoolService-0] INFO com.tonic.factory.PlaywrightFactory - === BROWSER INITIALIZATION COMPLETED ===
[TestNG-PoolService-0] INFO com.tonic.factory.PlaywrightFactory - Thread ID: 34
[TestNG-PoolService-0] INFO com.tonic.factory.PlaywrightFactory - Browser ready for test execution
[TestNG-PoolService-0] INFO com.tonic.common.web.BasePage - Clicked element with locator: //*[(text())='Home']
[TestNG-PoolService-0] INFO com.tonic.common.web.BasePage - Clicked element with locator: //*[(text())='Configuration']
[TestNG-PoolService-0] INFO com.tonic.common.web.BasePage - Clicked element with locator: //*[(text())='Menu Configuration']
[TestNG-PoolService-0] INFO com.tonic.common.web.BasePage - Page HeaderMenu Configuration is visible
[TestNG-PoolService-0] INFO com.tonic.stepDefinitions.BaseStep - User is on the Menu Configuration Page
[TestNG-PoolService-0] INFO com.tonic.common.web.BasePage - Clicked element with locator: //*[normalize-space(text())='Add new category']
[TestNG-PoolService-0] INFO com.tonic.common.web.BasePage - HeaderAdd New Category is visible
[TestNG-PoolService-0] INFO com.tonic.common.web.BasePage - Enter category name here is visible
[TestNG-PoolService-0] INFO com.tonic.common.web.BasePage - Filled value 'Foods555B' into field: //input[contains(@placeholder, 'Enter category name here')]
[TestNG-PoolService-0] INFO com.tonic.common.web.BasePage - Clicked element with locator: //label[@for='store-toggle-input']
[TestNG-PoolService-0] INFO com.tonic.common.web.BasePage - Clicked element with locator: //button[contains(@mattooltip, 'Saves the category & redirects')]
[TestNG-PoolService-0] INFO com.tonic.stepDefinitions.BaseStep - Launching mobile application for HYBRID mode...
[TestNG-PoolService-0] INFO com.tonic.stepDefinitions.BaseStep - Mobile driver initialized successfully
[TestNG-PoolService-0] INFO com.tonic.common.mobile.BasePage - Mobile BasePage initialized with driver: AndroidDriver
[TestNG-PoolService-0] INFO com.tonic.stepDefinitions.BaseStep - Login object initialized successfully
[TestNG-PoolService-0] INFO com.tonic.stepDefinitions.BaseStep - Waiting for app to load completely...
[TestNG-PoolService-0] INFO com.tonic.common.mobile.BasePage - Mobile app launch completed in 791ms
[TestNG-PoolService-0] INFO com.tonic.stepDefinitions.BaseStep - App launch wait completed
[TestNG-PoolService-0] WARN com.tonic.common.mobile.BasePage - Mobile wait 'UI_INTERACTION' timed out after 8190ms - Error: Expected condition failed: waiting for com.tonic.common.mobile.BasePage$$Lambda/0x00003ffc0168fbb8@4ae46dc (tried for 8 second(s) with 500 milliseconds interval)
Build info: version: '4.17.0', revision: 'e52b1be057*'
System info: os.name: 'Mac OS X', os.arch: 'aarch64', os.version: '15.6', java.version: '23.0.2'
Driver info: driver.version: unknown
[TestNG-PoolService-0] INFO com.tonic.stepDefinitions.BaseStep - UI interaction wait completed
[TestNG-PoolService-0] WARN com.tonic.common.mobile.BasePage - Mobile wait 'NAVIGATION' timed out after 5270ms - Error: Expected condition failed: waiting for com.tonic.common.mobile.BasePage$$Lambda/0x00003ffc01690918@3fa839aa (tried for 5 second(s) with 500 milliseconds interval)
Build info: version: '4.17.0', revision: 'e52b1be057*'
System info: os.name: 'Mac OS X', os.arch: 'aarch64', os.version: '15.6', java.version: '23.0.2'
Driver info: driver.version: unknown
[TestNG-PoolService-0] INFO com.tonic.stepDefinitions.BaseStep - Navigation wait completed
[TestNG-PoolService-0] INFO com.tonic.stepDefinitions.BaseStep - Mobile application launched and fully loaded successfully
[TestNG-PoolService-0] INFO com.tonic.stepDefinitions.BaseStep - Starting login process with resource ID: 7,4,1
[TestNG-PoolService-0] INFO com.tonic.common.mobile.BasePage - Screenshot saved successfully: /Users/vrize/Documents/vrize2/BOH_Automation/tonic-ai-automation/screenshots/Before Resource Login_20250822_045707_067.png
[TestNG-PoolService-0] INFO com.tonic.common.mobile.BasePage - Screenshot captured: /Users/vrize/Documents/vrize2/BOH_Automation/tonic-ai-automation/screenshots/Before Resource Login_20250822_045707_067.png
[TestNG-PoolService-0] INFO com.tonic.common.mobile.BasePage - === TEXT EXTRACTION FROM SCREENSHOT: Before Resource Login ===
[TestNG-PoolService-0] INFO com.tonic.common.mobile.BasePage - Extracted Text:
457Q O *d40 ORDYX.COM SUPPORT: +1.561.807.1503 tonic. PROFILE HOST URL https://secure.ordyx.com/rest STORE ID
[TestNG-PoolService-0] ERROR com.tonic.utils.PlaywrightScreenshotUtils - Screenshot failure - Failed to take screenshot with full traceability. Context: Test: 'Add new category in BOH and validate the added category in FOH', Step: 'null', Additional: 'null', Filename: 'Add_new_category_in_BOH_and_validate_the_added_category_in_FOH_20250822_045708_1755853028793_d9f8a66a.png'
com.microsoft.playwright.TimeoutError: Error {
  message='Timeout 30000ms exceeded.
  name='TimeoutError
  stack='TimeoutError: Timeout 30000ms exceeded.
    at ProgressController.run (/private/var/folders/jf/fh6y1kns1gn1smrq5b72_w9h0000gn/T/playwright-java-16527085977999430743/package/lib/server/progress.js:78:26)
    at Page.screenshot (/private/var/folders/jf/fh6y1kns1gn1smrq5b72_w9h0000gn/T/playwright-java-16527085977999430743/package/lib/server/page.js:490:23)
    at PageDispatcher.screenshot (/private/var/folders/jf/fh6y1kns1gn1smrq5b72_w9h0000gn/T/playwright-java-16527085977999430743/package/lib/server/dispatchers/pageDispatcher.js:204:32)
    at PageDispatcher._handleCommand (/private/var/folders/jf/fh6y1kns1gn1smrq5b72_w9h0000gn/T/playwright-java-16527085977999430743/package/lib/server/dispatchers/dispatcher.js:94:40)
    at DispatcherConnection.dispatch (/private/var/folders/jf/fh6y1kns1gn1smrq5b72_w9h0000gn/T/playwright-java-16527085977999430743/package/lib/server/dispatchers/dispatcher.js:361:39)
}
Call log:
- taking page screenshot
- waiting for fonts to load...
- fonts loaded

	at com.microsoft.playwright.impl.WaitableResult.get(WaitableResult.java:52)
	at com.microsoft.playwright.impl.ChannelOwner.runUntil(ChannelOwner.java:120)
	at com.microsoft.playwright.impl.Connection.sendMessage(Connection.java:130)
	at com.microsoft.playwright.impl.ChannelOwner.sendMessage(ChannelOwner.java:106)
	at com.microsoft.playwright.impl.PageImpl.screenshotImpl(PageImpl.java:1185)
	at com.microsoft.playwright.impl.PageImpl.lambda$screenshot$66(PageImpl.java:1129)
	at com.microsoft.playwright.impl.LoggingSupport.withLogging(LoggingSupport.java:47)
	at com.microsoft.playwright.impl.ChannelOwner.withLogging(ChannelOwner.java:89)
	at com.microsoft.playwright.impl.PageImpl.screenshot(PageImpl.java:1129)
	at com.tonic.utils.PlaywrightScreenshotUtils.takeScreenshotWithFullTraceability(PlaywrightScreenshotUtils.java:578)
	at com.tonic.utils.PlaywrightScreenshotUtils.takeScreenshotWithFullTraceability(PlaywrightScreenshotUtils.java:659)
	at com.tonic.utils.PlaywrightScreenshotUtils.takeScreenshotWithFullTraceabilityAsBase64(PlaywrightScreenshotUtils.java:675)
	at com.tonic.hooks.Hooks.attachScreenshot(Hooks.java:331)
	at java.base/jdk.internal.reflect.DirectMethodHandleAccessor.invoke(DirectMethodHandleAccessor.java:103)
	at java.base/java.lang.reflect.Method.invoke(Method.java:580)
	at io.cucumber.java.Invoker.doInvoke(Invoker.java:66)
	at io.cucumber.java.Invoker.invoke(Invoker.java:24)
	at io.cucumber.java.AbstractGlueDefinition.invokeMethod(AbstractGlueDefinition.java:47)
	at io.cucumber.java.JavaHookDefinition.execute(JavaHookDefinition.java:68)
	at io.cucumber.core.runner.CoreHookDefinition.execute(CoreHookDefinition.java:47)
	at io.cucumber.core.runner.HookDefinitionMatch.runStep(HookDefinitionMatch.java:21)
	at io.cucumber.core.runner.ExecutionMode$1.execute(ExecutionMode.java:10)
	at io.cucumber.core.runner.TestStep.executeStep(TestStep.java:81)
	at io.cucumber.core.runner.TestStep.run(TestStep.java:53)
	at io.cucumber.core.runner.PickleStepTestStep.run(PickleStepTestStep.java:56)
	at io.cucumber.core.runner.TestCase.run(TestCase.java:86)
	at io.cucumber.core.runner.Runner.runPickle(Runner.java:77)
	at io.cucumber.testng.TestNGCucumberRunner.lambda$runScenario$1(TestNGCucumberRunner.java:135)
	at io.cucumber.core.runtime.CucumberExecutionContext.lambda$runTestCase$5(CucumberExecutionContext.java:136)
	at io.cucumber.core.runtime.RethrowingThrowableCollector.executeAndThrow(RethrowingThrowableCollector.java:23)
	at io.cucumber.core.runtime.CucumberExecutionContext.runTestCase(CucumberExecutionContext.java:136)
	at io.cucumber.testng.TestNGCucumberRunner.runScenario(TestNGCucumberRunner.java:132)
	at io.cucumber.testng.AbstractTestNGCucumberTests.runScenario(AbstractTestNGCucumberTests.java:35)
	at java.base/jdk.internal.reflect.DirectMethodHandleAccessor.invoke(DirectMethodHandleAccessor.java:103)
	at java.base/java.lang.reflect.Method.invoke(Method.java:580)
	at org.testng.internal.invokers.MethodInvocationHelper.invokeMethod(MethodInvocationHelper.java:139)
	at org.testng.internal.invokers.TestInvoker.invokeMethod(TestInvoker.java:664)
	at org.testng.internal.invokers.TestInvoker.invokeTestMethod(TestInvoker.java:227)
	at org.testng.internal.invokers.TestMethodWithDataProviderMethodWorker.call(TestMethodWithDataProviderMethodWorker.java:80)
	at org.testng.internal.invokers.TestMethodWithDataProviderMethodWorker.call(TestMethodWithDataProviderMethodWorker.java:17)
	at java.base/java.util.concurrent.FutureTask.run(FutureTask.java:317)
	at java.base/java.util.concurrent.Executors$RunnableAdapter.call(Executors.java:572)
	at java.base/java.util.concurrent.FutureTask.run(FutureTask.java:317)
	at java.base/java.util.concurrent.ThreadPoolExecutor.runWorker(ThreadPoolExecutor.java:1144)
	at java.base/java.util.concurrent.ThreadPoolExecutor$Worker.run(ThreadPoolExecutor.java:642)
	at java.base/java.lang.Thread.run(Thread.java:1575)
Caused by: com.microsoft.playwright.TimeoutError: Error {
  message='Timeout 30000ms exceeded.
  name='TimeoutError
  stack='TimeoutError: Timeout 30000ms exceeded.
    at ProgressController.run (/private/var/folders/jf/fh6y1kns1gn1smrq5b72_w9h0000gn/T/playwright-java-16527085977999430743/package/lib/server/progress.js:78:26)
    at Page.screenshot (/private/var/folders/jf/fh6y1kns1gn1smrq5b72_w9h0000gn/T/playwright-java-16527085977999430743/package/lib/server/page.js:490:23)
    at PageDispatcher.screenshot (/private/var/folders/jf/fh6y1kns1gn1smrq5b72_w9h0000gn/T/playwright-java-16527085977999430743/package/lib/server/dispatchers/pageDispatcher.js:204:32)
    at PageDispatcher._handleCommand (/private/var/folders/jf/fh6y1kns1gn1smrq5b72_w9h0000gn/T/playwright-java-16527085977999430743/package/lib/server/dispatchers/dispatcher.js:94:40)
    at DispatcherConnection.dispatch (/private/var/folders/jf/fh6y1kns1gn1smrq5b72_w9h0000gn/T/playwright-java-16527085977999430743/package/lib/server/dispatchers/dispatcher.js:361:39)
}
Call log:
- taking page screenshot
- waiting for fonts to load...
- fonts loaded

	at com.microsoft.playwright.impl.Connection.dispatch(Connection.java:254)
	at com.microsoft.playwright.impl.Connection.processOneMessage(Connection.java:211)
	at com.microsoft.playwright.impl.ChannelOwner.runUntil(ChannelOwner.java:118)
	... 44 more
[TestNG-PoolService-0] INFO com.tonic.listeners.CucumberRetryListener - Cucumber scenario FAILED (attempt 1/4): Add new category in BOH and validate the added category in FOH - Will be retried
[TestNG-PoolService-0] INFO com.tonic.listeners.CucumberRetryListener - Added scenario to immediate rerun list: ///Users/vrize/Documents/vrize2/BOH_Automation/tonic-ai-automation/src/test/resources/features/web/menu/MenuConfiguration.feature:31
[TestNG-PoolService-0] INFO com.tonic.listeners.CucumberRetryListener - Created immediate rerun file with 1 failed scenarios: target/rerun.txt
]]></system-err>
  </testcase>
</testsuite>