<?xml version="1.0" encoding="UTF-8"?>
<testsuite xmlns:xsi="http://www.w3.org/2001/XMLSchema-instance" xsi:noNamespaceSchemaLocation="https://maven.apache.org/surefire/maven-surefire-plugin/xsd/surefire-test-report-3.0.xsd" version="3.0" name="TestSuite" time="38.393" tests="1" errors="0" skipped="0" failures="0">
  <properties>
[...]
</properties>
  <testcase name="runScenario[&quot;Login to mobile application using OCR coordinate detection&quot;, &quot;Mobile Login using OCR Coordinate-based Interactions&quot;](1)" classname="com.tonic.runners.TestRunner" time="28.511">
    <system-out><![CDATA[[XRAY] Xray integration is disabled (xray.enabled=false). Skipping Test Execution initialization.
[XRAY] Test run started
[XRAY] Xray integration is disabled (xray.enabled=false). Skipping Test Execution initialization.

@mobile @login @OCR @regression @MobileLoginOCR @SmokeTest
Scenario: Login to mobile application using OCR coordinate detection  &amp#27;[90m# src/test/resources/features/mobile/MobileLoginOCR.feature:10&amp#27;[0m
[XRAY] Test case started: Login to mobile application using OCR coordinate detection | No Xray Key found
[HOOKS] Platform detected: mobile, isHybrid: false
[HOOKS] Starting Appium server and initializing MobileDriver...
[DRIVER_FACTORY] Using device: android, runMode: local from config properties
AppiumDriver initialized using config properties
[HOOKS] MobileDriver initialized successfully
  &amp#27;[32mGiven &amp#27;[0m&amp#27;[32mThe mobile application is launched for OCR login testing&amp#27;[0m      &amp#27;[90m# com.tonic.stepDefinitions.mobile.MobileLoginOCRSteps.theMobileApplicationIsLaunchedForOCRLoginTesting()&amp#27;[0m
  &amp#27;[32mGiven &amp#27;[0m&amp#27;[32mThe user takes an initial screenshot for OCR analysis&amp#27;[0m         &amp#27;[90m# com.tonic.stepDefinitions.mobile.MobileLoginOCRSteps.theUserTakesAnInitialScreenshotForOCRAnalysis()&amp#27;[0m
  &amp#27;[32mWhen &amp#27;[0m&amp#27;[32mThe user detects all clickable elements using OCR&amp#27;[0m              &amp#27;[90m# com.tonic.stepDefinitions.mobile.MobileLoginOCRSteps.theUserDetectsAllClickableElementsUsingOCR()&amp#27;[0m
  &amp#27;[32mAnd &amp#27;[0m&amp#27;[32mThe user enters the first digit &amp#27;[0m&amp#27;[32m&amp#27;[1m"7"&amp#27;[0m&amp#27;[32m using OCR coordinate click&amp#27;[0m  &amp#27;[90m# com.tonic.stepDefinitions.mobile.MobileLoginOCRSteps.theUserEntersTheFirstDigitUsingOCRCoordinateClick(java.lang.String)&amp#27;[0m
  &amp#27;[32mAnd &amp#27;[0m&amp#27;[32mThe user enters the second digit &amp#27;[0m&amp#27;[32m&amp#27;[1m"4"&amp#27;[0m&amp#27;[32m using OCR coordinate click&amp#27;[0m &amp#27;[90m# com.tonic.stepDefinitions.mobile.MobileLoginOCRSteps.theUserEntersTheSecondDigitUsingOCRCoordinateClick(java.lang.String)&amp#27;[0m
  &amp#27;[32mAnd &amp#27;[0m&amp#27;[32mThe user enters the third digit &amp#27;[0m&amp#27;[32m&amp#27;[1m"1"&amp#27;[0m&amp#27;[32m using OCR coordinate click&amp#27;[0m  &amp#27;[90m# com.tonic.stepDefinitions.mobile.MobileLoginOCRSteps.theUserEntersTheThirdDigitUsingOCRCoordinateClick(java.lang.String)&amp#27;[0m
  &amp#27;[32mAnd &amp#27;[0m&amp#27;[32mThe user clicks on &amp#27;[0m&amp#27;[32m&amp#27;[1m"LOGIN"&amp#27;[0m&amp#27;[32m button using OCR coordinates&amp#27;[0m         &amp#27;[90m# com.tonic.stepDefinitions.mobile.MobileLoginOCRSteps.theUserClicksOnButtonUsingOCRCoordinates(java.lang.String)&amp#27;[0m
  &amp#27;[32mThen &amp#27;[0m&amp#27;[32mThe user verifies successful login using OCR text detection&amp#27;[0m    &amp#27;[90m# com.tonic.stepDefinitions.mobile.MobileLoginOCRSteps.theUserVerifiesSuccessfulLoginUsingOCRTextDetection()&amp#27;[0m
  &amp#27;[32mAnd &amp#27;[0m&amp#27;[32mThe user takes a post-login screenshot for verification&amp#27;[0m         &amp#27;[90m# com.tonic.stepDefinitions.mobile.MobileLoginOCRSteps.theUserTakesAPostLoginScreenshotForVerification()&amp#27;[0m
[HOOKS] Cleaning up mobile resources...
[HOOKS] Mobile app terminated successfully
[HOOKS] Mobile driver quit successfully
[HOOKS] Appium server stopped successfully
[HOOKS] Mobile cleanup completed
[XRAY] Test case finished: Login to mobile application using OCR coordinate detection | No Xray Key found | Status: PASSED
]]></system-out>
    <system-err><![CDATA[[main] WARN org.testng.TestNG - Ignoring duplicate listener : io.qameta.allure.testng.AllureTestNg
[main] WARN org.testng.TestNG - Ignoring duplicate listener : io.qameta.allure.testng.AllureTestNg
[main] WARN org.testng.TestNG - Ignoring duplicate listener : io.qameta.allure.testng.AllureTestNg
[main] INFO com.tonic.utils.PropertyBuilder - Successfully loaded 81 properties from: /Users/vrize/Documents/vrize2/BOH_Automation/tonic-ai-automation/src/main/resources/config.properties
[TestNG-PoolService-0] INFO com.tonic.stepDefinitions.mobile.MobileLoginOCRSteps - MobileLoginOCRSteps initialized
[TestNG-PoolService-0] INFO com.tonic.stepDefinitions.mobile.MobileLoginOCRSteps - === MOBILE OCR LOGIN: Initializing application ===
[TestNG-PoolService-0] INFO com.tonic.common.mobile.BasePage - Mobile BasePage initialized with provided driver: AndroidDriver
[TestNG-PoolService-0] INFO com.tonic.common.mobile.BasePage - Mobile BasePage initialized with provided driver: AndroidDriver
[TestNG-PoolService-0] INFO com.tonic.common.mobile.BasePage - Mobile app launch completed in 829ms
[TestNG-PoolService-0] INFO com.tonic.stepDefinitions.mobile.MobileLoginOCRSteps - MOBILE OCR LOGIN: Application ready for OCR-based login testing
[TestNG-PoolService-0] INFO com.tonic.stepDefinitions.mobile.MobileLoginOCRSteps - === MOBILE OCR LOGIN: Taking initial screenshot ===
[TestNG-PoolService-0] INFO com.tonic.common.mobile.BasePage - Screenshot saved successfully: screenshots/Mobile_Login_Initial_OCR_1754640152610.png
[TestNG-PoolService-0] INFO com.tonic.stepDefinitions.mobile.MobileLoginOCRSteps - MOBILE OCR LOGIN: Initial screenshot captured: screenshots/Mobile_Login_Initial_OCR_1754640152610.png
[TestNG-PoolService-0] INFO com.tonic.stepDefinitions.mobile.MobileLoginOCRSteps - === MOBILE OCR LOGIN: Detecting clickable elements ===
[TestNG-PoolService-0] INFO com.tonic.common.mobile.BasePage - Screenshot saved successfully: screenshots/Mobile_Login_Element_Detection_1754640153364.png
[TestNG-PoolService-0] INFO com.tonic.common.mobile.BasePage - === OCR EXTRACTION: screenshots/Mobile_Login_Element_Detection_1754640153364.png ===
[TestNG-PoolService-0] INFO com.tonic.common.mobile.BasePage - ✅ Using Tesseract data path: /opt/homebrew/share/tessdata
[TestNG-PoolService-0] INFO com.tonic.common.mobile.BasePage - Attempting OCR extraction with Tesseract REAL coordinates...
[TestNG-PoolService-0] INFO com.tonic.common.mobile.BasePage - 🔍 HOCR: Attempting real coordinate extraction using HOCR format
[TestNG-PoolService-0] INFO com.tonic.common.mobile.BasePage - ✅ HOCR: HOCR output generated successfully
[TestNG-PoolService-0] INFO com.tonic.common.mobile.BasePage - 🔍 HOCR PARSER: Parsing HOCR XML for real coordinates
[TestNG-PoolService-0] INFO com.tonic.common.mobile.BasePage - ✅ HOCR PARSER: Successfully parsed 0 elements with real coordinates
[TestNG-PoolService-0] INFO com.tonic.common.mobile.BasePage - 🎯 HOCR: Successfully parsed 0 elements with real coordinates
[TestNG-PoolService-0] INFO com.tonic.common.mobile.BasePage - ✅ Tesseract OCR text extraction successful:
[TestNG-PoolService-0] INFO com.tonic.common.mobile.BasePage - "<!DOCTYPE html PUBLIC "-//W3C//DTD HTML 4.01 Transitional//EN" "http://www.w3.org/TR/html4/loose.dtd">
<html>
<head>
<title></title>
<meta http-equiv="Content-Type" content="text/html;charset=utf-8" />
<meta name='ocr-system' content='tesseract'/>
</head>
<body>
  <div class='ocr_page' id='page_1' title='image "screenshots/Mobile_Login_Element_Detection_1754640153364.png"; bbox 0 0 1280 2856; ppageno 0; scan_res 70 70'>
   <div class='ocr_carea' id='block_1_1' title="bbox 0 56 1280 2784">
    <p class='ocr_par' id='par_1_1' lang='eng' title="bbox 62 56 1220 1520">
     <span class='ocr_line' id='line_1_1' title="bbox 85 56 1196 101; baseline -0.002 -3; x_size 50.240505; x_descenders 6.2405062; x_ascenders 15">
      <span class='ocrx_word' id='word_1_1' title='bbox 85 58 216 98; x_wconf 84'>40290</span>
      <span class='ocrx_word' id='word_1_2' title='bbox 242 56 287 101; x_wconf 88'>@</span>
      <span class='ocrx_word' id='word_1_3' title='bbox 1065 58 1196 97; x_wconf 0'>V4t</span>
     </span>
     <span class='ocr_line' id='line_1_2' title="bbox 62 197 1220 246; baseline -0.001 0; x_size 53.887932; x_descenders 6.8879313; x_ascenders 14.99138">
      <span class='ocrx_word' id='word_1_4' title='bbox 62 197 394 246; x_wconf 96'>MESSAGES</span>
      <span class='ocrx_word' id='word_1_5' title='bbox 888 198 1220 245; x_wconf 96'>AVAILABLE</span>
     </span>
     <span class='ocr_line' id='line_1_3' title="bbox 136 276 1145 457; baseline 0.001 -4; x_size 192.65823; x_descenders 20.658228; x_ascenders 76">
      <span class='ocrx_word' id='word_1_6' title='bbox 136 295 316 438; x_wconf 9'>es</span>
      <span class='ocrx_word' id='word_1_7' title='bbox 965 276 1145 457; x_wconf 58'>@</span>
     </span>
     <span class='ocr_line' id='line_1_4' title="bbox 542 1109 953 1305; baseline 0 0; x_size 224.72414; x_descenders 28.724138; x_ascenders 62.517242">
      <span class='ocrx_word' id='word_1_8' title='bbox 542 1109 738 1305; x_wconf 0'>8</span>
      <span class='ocrx_word' id='word_1_9' title='bbox 757 1109 953 1305; x_wconf 0'>[9</span>
     </span>
     <span class='ocr_line' id='line_1_5' title="bbox 757 1324 953 1520; baseline 0 0; x_size 224.72414; x_descenders 28.724138; x_ascenders 62.517242">
      <span class='ocrx_word' id='word_1_10' title='bbox 757 1324 953 1520; x_wconf 74'>6</span>
     </span>
    </p>

    <p class='ocr_par' id='par_1_2' lang='eng' title="bbox 0 2597 1280 2784">
     <span class='ocr_line' id='line_1_6' title="bbox 1103 2597 1261 2654; baseline 0 0; x_size 65.392403; x_descenders 8.3924055; x_ascenders 18">
      <span class='ocrx_word' id='word_1_11' title='bbox 1103 2597 1261 2654; x_wconf 96'>tonic.</span>
     </span>
     <span class='ocr_line' id='line_1_7' title="bbox 0 2692 1280 2784; baseline 0 0; x_size 105.48276; x_descenders 13.482759; x_ascenders 29.344828">
      <span class='ocrx_word' id='word_1_12' title='bbox 0 2688 200 2802; x_wconf 52'>KGB</span>
      <span class='ocrx_word' id='word_1_13' title='bbox 237 2688 295 2802; x_wconf 66'>op</span>
      <span class='ocrx_word' id='word_1_14' title='bbox 332 2688 485 2802; x_wconf 56'>Qytss</span>
      <span class='ocrx_word' id='word_1_15' title='bbox 513 2688 637 2802; x_wconf 7'>Qyrse</span>
      <span class='ocrx_word' id='word_1_16' title='bbox 674 2688 969 2802; x_wconf 0'>sampestower212</span>
      <span class='ocrx_word' id='word_1_17' title='bbox 988 2688 1093 2802; x_wconf 92'>(CASH</span>
      <span class='ocrx_word' id='word_1_18' title='bbox 1121 2688 1197 2802; x_wconf 88'>OUT:</span>
      <span class='ocrx_word' id='word_1_19' title='bbox 1216 2688 1273 2802; x_wconf 55'>cds</span>
     </span>
    </p>
   </div>
  </div>
</body>
</html>"
[TestNG-PoolService-0] INFO com.tonic.common.mobile.BasePage - 🧠 INTELLIGENT MAPPING: Analyzing OCR text for coordinate extraction
[TestNG-PoolService-0] INFO com.tonic.common.mobile.BasePage - 📝 TEXT TO ANALYZE: "<!DOCTYPE html PUBLIC "-//W3C//DTD HTML 4.01 Transitional//EN" "http://www.w3.org/TR/html4/loose.dtd">
<html>
<head>
<title></title>
<meta http-equiv="Content-Type" content="text/html;charset=utf-8" />
<meta name='ocr-system' content='tesseract'/>
</head>
<body>
  <div class='ocr_page' id='page_1' title='image "screenshots/Mobile_Login_Element_Detection_1754640153364.png"; bbox 0 0 1280 2856; ppageno 0; scan_res 70 70'>
   <div class='ocr_carea' id='block_1_1' title="bbox 0 56 1280 2784">
    <p class='ocr_par' id='par_1_1' lang='eng' title="bbox 62 56 1220 1520">
     <span class='ocr_line' id='line_1_1' title="bbox 85 56 1196 101; baseline -0.002 -3; x_size 50.240505; x_descenders 6.2405062; x_ascenders 15">
      <span class='ocrx_word' id='word_1_1' title='bbox 85 58 216 98; x_wconf 84'>40290</span>
      <span class='ocrx_word' id='word_1_2' title='bbox 242 56 287 101; x_wconf 88'>@</span>
      <span class='ocrx_word' id='word_1_3' title='bbox 1065 58 1196 97; x_wconf 0'>V4t</span>
     </span>
     <span class='ocr_line' id='line_1_2' title="bbox 62 197 1220 246; baseline -0.001 0; x_size 53.887932; x_descenders 6.8879313; x_ascenders 14.99138">
      <span class='ocrx_word' id='word_1_4' title='bbox 62 197 394 246; x_wconf 96'>MESSAGES</span>
      <span class='ocrx_word' id='word_1_5' title='bbox 888 198 1220 245; x_wconf 96'>AVAILABLE</span>
     </span>
     <span class='ocr_line' id='line_1_3' title="bbox 136 276 1145 457; baseline 0.001 -4; x_size 192.65823; x_descenders 20.658228; x_ascenders 76">
      <span class='ocrx_word' id='word_1_6' title='bbox 136 295 316 438; x_wconf 9'>es</span>
      <span class='ocrx_word' id='word_1_7' title='bbox 965 276 1145 457; x_wconf 58'>@</span>
     </span>
     <span class='ocr_line' id='line_1_4' title="bbox 542 1109 953 1305; baseline 0 0; x_size 224.72414; x_descenders 28.724138; x_ascenders 62.517242">
      <span class='ocrx_word' id='word_1_8' title='bbox 542 1109 738 1305; x_wconf 0'>8</span>
      <span class='ocrx_word' id='word_1_9' title='bbox 757 1109 953 1305; x_wconf 0'>[9</span>
     </span>
     <span class='ocr_line' id='line_1_5' title="bbox 757 1324 953 1520; baseline 0 0; x_size 224.72414; x_descenders 28.724138; x_ascenders 62.517242">
      <span class='ocrx_word' id='word_1_10' title='bbox 757 1324 953 1520; x_wconf 74'>6</span>
     </span>
    </p>

    <p class='ocr_par' id='par_1_2' lang='eng' title="bbox 0 2597 1280 2784">
     <span class='ocr_line' id='line_1_6' title="bbox 1103 2597 1261 2654; baseline 0 0; x_size 65.392403; x_descenders 8.3924055; x_ascenders 18">
      <span class='ocrx_word' id='word_1_11' title='bbox 1103 2597 1261 2654; x_wconf 96'>tonic.</span>
     </span>
     <span class='ocr_line' id='line_1_7' title="bbox 0 2692 1280 2784; baseline 0 0; x_size 105.48276; x_descenders 13.482759; x_ascenders 29.344828">
      <span class='ocrx_word' id='word_1_12' title='bbox 0 2688 200 2802; x_wconf 52'>KGB</span>
      <span class='ocrx_word' id='word_1_13' title='bbox 237 2688 295 2802; x_wconf 66'>op</span>
      <span class='ocrx_word' id='word_1_14' title='bbox 332 2688 485 2802; x_wconf 56'>Qytss</span>
      <span class='ocrx_word' id='word_1_15' title='bbox 513 2688 637 2802; x_wconf 7'>Qyrse</span>
      <span class='ocrx_word' id='word_1_16' title='bbox 674 2688 969 2802; x_wconf 0'>sampestower212</span>
      <span class='ocrx_word' id='word_1_17' title='bbox 988 2688 1093 2802; x_wconf 92'>(CASH</span>
      <span class='ocrx_word' id='word_1_18' title='bbox 1121 2688 1197 2802; x_wconf 88'>OUT:</span>
      <span class='ocrx_word' id='word_1_19' title='bbox 1216 2688 1273 2802; x_wconf 55'>cds</span>
     </span>
    </p>
   </div>
  </div>
</body>
</html>
"
[TestNG-PoolService-0] INFO com.tonic.common.mobile.BasePage - 🔢 DIGIT MAPPED: '3' → Real keypad coordinates (647,1650) with 95% confidence
[TestNG-PoolService-0] INFO com.tonic.common.mobile.BasePage - 🔢 DIGIT MAPPED: '4' → Real keypad coordinates (439,1440) with 95% confidence
[TestNG-PoolService-0] INFO com.tonic.common.mobile.BasePage - 🔢 DIGIT MAPPED: '0' → Real keypad coordinates (439,1860) with 95% confidence
[TestNG-PoolService-0] INFO com.tonic.common.mobile.BasePage - 🔢 DIGIT MAPPED: '1' → Real keypad coordinates (431,1650) with 95% confidence
[TestNG-PoolService-0] INFO com.tonic.common.mobile.BasePage - 🔢 DIGIT MAPPED: '3' → Real keypad coordinates (647,1650) with 95% confidence
[TestNG-PoolService-0] INFO com.tonic.common.mobile.BasePage - 🔢 DIGIT MAPPED: '4' → Real keypad coordinates (439,1440) with 95% confidence
[TestNG-PoolService-0] INFO com.tonic.common.mobile.BasePage - 🔢 DIGIT MAPPED: '8' → Real keypad coordinates (539,1215) with 95% confidence
[TestNG-PoolService-0] INFO com.tonic.common.mobile.BasePage - 🔢 DIGIT MAPPED: '1' → Real keypad coordinates (431,1650) with 95% confidence
[TestNG-PoolService-0] INFO com.tonic.common.mobile.BasePage - 🔢 DIGIT MAPPED: '1' → Real keypad coordinates (431,1650) with 95% confidence
[TestNG-PoolService-0] INFO com.tonic.common.mobile.BasePage - 🔢 DIGIT MAPPED: '7' → Real keypad coordinates (427,1215) with 95% confidence
[TestNG-PoolService-0] INFO com.tonic.common.mobile.BasePage - 🔢 DIGIT MAPPED: '5' → Real keypad coordinates (539,1440) with 95% confidence
[TestNG-PoolService-0] INFO com.tonic.common.mobile.BasePage - 🔢 DIGIT MAPPED: '4' → Real keypad coordinates (439,1440) with 95% confidence
[TestNG-PoolService-0] INFO com.tonic.common.mobile.BasePage - 🔢 DIGIT MAPPED: '6' → Real keypad coordinates (647,1440) with 95% confidence
[TestNG-PoolService-0] INFO com.tonic.common.mobile.BasePage - 🔢 DIGIT MAPPED: '4' → Real keypad coordinates (439,1440) with 95% confidence
[TestNG-PoolService-0] INFO com.tonic.common.mobile.BasePage - 🔢 DIGIT MAPPED: '0' → Real keypad coordinates (439,1860) with 95% confidence
[TestNG-PoolService-0] INFO com.tonic.common.mobile.BasePage - 🔢 DIGIT MAPPED: '1' → Real keypad coordinates (431,1650) with 95% confidence
[TestNG-PoolService-0] INFO com.tonic.common.mobile.BasePage - 🔢 DIGIT MAPPED: '5' → Real keypad coordinates (539,1440) with 95% confidence
[TestNG-PoolService-0] INFO com.tonic.common.mobile.BasePage - 🔢 DIGIT MAPPED: '3' → Real keypad coordinates (647,1650) with 95% confidence
[TestNG-PoolService-0] INFO com.tonic.common.mobile.BasePage - 🔢 DIGIT MAPPED: '3' → Real keypad coordinates (647,1650) with 95% confidence
[TestNG-PoolService-0] INFO com.tonic.common.mobile.BasePage - 🔢 DIGIT MAPPED: '6' → Real keypad coordinates (647,1440) with 95% confidence
[TestNG-PoolService-0] INFO com.tonic.common.mobile.BasePage - 🔢 DIGIT MAPPED: '4' → Real keypad coordinates (439,1440) with 95% confidence
[TestNG-PoolService-0] INFO com.tonic.common.mobile.BasePage - 🔢 DIGIT MAPPED: '0' → Real keypad coordinates (439,1860) with 95% confidence
[TestNG-PoolService-0] INFO com.tonic.common.mobile.BasePage - 🔢 DIGIT MAPPED: '0' → Real keypad coordinates (439,1860) with 95% confidence
[TestNG-PoolService-0] INFO com.tonic.common.mobile.BasePage - 🔢 DIGIT MAPPED: '1' → Real keypad coordinates (431,1650) with 95% confidence
[TestNG-PoolService-0] INFO com.tonic.common.mobile.BasePage - 🔢 DIGIT MAPPED: '2' → Real keypad coordinates (539,1650) with 95% confidence
[TestNG-PoolService-0] INFO com.tonic.common.mobile.BasePage - 🔢 DIGIT MAPPED: '8' → Real keypad coordinates (539,1215) with 95% confidence
[TestNG-PoolService-0] INFO com.tonic.common.mobile.BasePage - 🔢 DIGIT MAPPED: '0' → Real keypad coordinates (439,1860) with 95% confidence
[TestNG-PoolService-0] INFO com.tonic.common.mobile.BasePage - 🔢 DIGIT MAPPED: '2' → Real keypad coordinates (539,1650) with 95% confidence
[TestNG-PoolService-0] INFO com.tonic.common.mobile.BasePage - 🔢 DIGIT MAPPED: '8' → Real keypad coordinates (539,1215) with 95% confidence
[TestNG-PoolService-0] INFO com.tonic.common.mobile.BasePage - 🔢 DIGIT MAPPED: '5' → Real keypad coordinates (539,1440) with 95% confidence
[TestNG-PoolService-0] INFO com.tonic.common.mobile.BasePage - 🔢 DIGIT MAPPED: '6' → Real keypad coordinates (647,1440) with 95% confidence
[TestNG-PoolService-0] INFO com.tonic.common.mobile.BasePage - 🔢 DIGIT MAPPED: '0' → Real keypad coordinates (439,1860) with 95% confidence
[TestNG-PoolService-0] INFO com.tonic.common.mobile.BasePage - 🔢 DIGIT MAPPED: '7' → Real keypad coordinates (427,1215) with 95% confidence
[TestNG-PoolService-0] INFO com.tonic.common.mobile.BasePage - 🔢 DIGIT MAPPED: '0' → Real keypad coordinates (439,1860) with 95% confidence
[TestNG-PoolService-0] INFO com.tonic.common.mobile.BasePage - 🔢 DIGIT MAPPED: '7' → Real keypad coordinates (427,1215) with 95% confidence
[TestNG-PoolService-0] INFO com.tonic.common.mobile.BasePage - 🔢 DIGIT MAPPED: '0' → Real keypad coordinates (439,1860) with 95% confidence
[TestNG-PoolService-0] INFO com.tonic.common.mobile.BasePage - 🔘 LOGIN BUTTON MAPPED: → Coordinates (607,2072) with 90% confidence
[TestNG-PoolService-0] INFO com.tonic.common.mobile.BasePage - 🔢 DIGIT MAPPED: '1' → Real keypad coordinates (431,1650) with 95% confidence
[TestNG-PoolService-0] INFO com.tonic.common.mobile.BasePage - 🔢 DIGIT MAPPED: '1' → Real keypad coordinates (431,1650) with 95% confidence
[TestNG-PoolService-0] INFO com.tonic.common.mobile.BasePage - 🔢 DIGIT MAPPED: '0' → Real keypad coordinates (439,1860) with 95% confidence
[TestNG-PoolService-0] INFO com.tonic.common.mobile.BasePage - 🔢 DIGIT MAPPED: '5' → Real keypad coordinates (539,1440) with 95% confidence
[TestNG-PoolService-0] INFO com.tonic.common.mobile.BasePage - 🔢 DIGIT MAPPED: '6' → Real keypad coordinates (647,1440) with 95% confidence
[TestNG-PoolService-0] INFO com.tonic.common.mobile.BasePage - 🔢 DIGIT MAPPED: '1' → Real keypad coordinates (431,1650) with 95% confidence
[TestNG-PoolService-0] INFO com.tonic.common.mobile.BasePage - 🔢 DIGIT MAPPED: '2' → Real keypad coordinates (539,1650) with 95% confidence
[TestNG-PoolService-0] INFO com.tonic.common.mobile.BasePage - 🔢 DIGIT MAPPED: '8' → Real keypad coordinates (539,1215) with 95% confidence
[TestNG-PoolService-0] INFO com.tonic.common.mobile.BasePage - 🔢 DIGIT MAPPED: '0' → Real keypad coordinates (439,1860) with 95% confidence
[TestNG-PoolService-0] INFO com.tonic.common.mobile.BasePage - 🔢 DIGIT MAPPED: '2' → Real keypad coordinates (539,1650) with 95% confidence
[TestNG-PoolService-0] INFO com.tonic.common.mobile.BasePage - 🔢 DIGIT MAPPED: '7' → Real keypad coordinates (427,1215) with 95% confidence
[TestNG-PoolService-0] INFO com.tonic.common.mobile.BasePage - 🔢 DIGIT MAPPED: '8' → Real keypad coordinates (539,1215) with 95% confidence
[TestNG-PoolService-0] INFO com.tonic.common.mobile.BasePage - 🔢 DIGIT MAPPED: '4' → Real keypad coordinates (439,1440) with 95% confidence
[TestNG-PoolService-0] INFO com.tonic.common.mobile.BasePage - 🔢 DIGIT MAPPED: '1' → Real keypad coordinates (431,1650) with 95% confidence
[TestNG-PoolService-0] INFO com.tonic.common.mobile.BasePage - 🔢 DIGIT MAPPED: '1' → Real keypad coordinates (431,1650) with 95% confidence
[TestNG-PoolService-0] INFO com.tonic.common.mobile.BasePage - 🔢 DIGIT MAPPED: '6' → Real keypad coordinates (647,1440) with 95% confidence
[TestNG-PoolService-0] INFO com.tonic.common.mobile.BasePage - 🔢 DIGIT MAPPED: '2' → Real keypad coordinates (539,1650) with 95% confidence
[TestNG-PoolService-0] INFO com.tonic.common.mobile.BasePage - 🔢 DIGIT MAPPED: '5' → Real keypad coordinates (539,1440) with 95% confidence
[TestNG-PoolService-0] INFO com.tonic.common.mobile.BasePage - 🔢 DIGIT MAPPED: '6' → Real keypad coordinates (647,1440) with 95% confidence
[TestNG-PoolService-0] INFO com.tonic.common.mobile.BasePage - 🔢 DIGIT MAPPED: '1' → Real keypad coordinates (431,1650) with 95% confidence
[TestNG-PoolService-0] INFO com.tonic.common.mobile.BasePage - 🔢 DIGIT MAPPED: '2' → Real keypad coordinates (539,1650) with 95% confidence
[TestNG-PoolService-0] INFO com.tonic.common.mobile.BasePage - 🔢 DIGIT MAPPED: '2' → Real keypad coordinates (539,1650) with 95% confidence
[TestNG-PoolService-0] INFO com.tonic.common.mobile.BasePage - 🔢 DIGIT MAPPED: '0' → Real keypad coordinates (439,1860) with 95% confidence
[TestNG-PoolService-0] INFO com.tonic.common.mobile.BasePage - 🔢 DIGIT MAPPED: '1' → Real keypad coordinates (431,1650) with 95% confidence
[TestNG-PoolService-0] INFO com.tonic.common.mobile.BasePage - 🔢 DIGIT MAPPED: '5' → Real keypad coordinates (539,1440) with 95% confidence
[TestNG-PoolService-0] INFO com.tonic.common.mobile.BasePage - 🔢 DIGIT MAPPED: '2' → Real keypad coordinates (539,1650) with 95% confidence
[TestNG-PoolService-0] INFO com.tonic.common.mobile.BasePage - 🔢 DIGIT MAPPED: '0' → Real keypad coordinates (439,1860) with 95% confidence
[TestNG-PoolService-0] INFO com.tonic.common.mobile.BasePage - 🔢 DIGIT MAPPED: '1' → Real keypad coordinates (431,1650) with 95% confidence
[TestNG-PoolService-0] INFO com.tonic.common.mobile.BasePage - 🔢 DIGIT MAPPED: '1' → Real keypad coordinates (431,1650) with 95% confidence
[TestNG-PoolService-0] INFO com.tonic.common.mobile.BasePage - 🔢 DIGIT MAPPED: '8' → Real keypad coordinates (539,1215) with 95% confidence
[TestNG-PoolService-0] INFO com.tonic.common.mobile.BasePage - 🔢 DIGIT MAPPED: '5' → Real keypad coordinates (539,1440) with 95% confidence
[TestNG-PoolService-0] INFO com.tonic.common.mobile.BasePage - 🔢 DIGIT MAPPED: '5' → Real keypad coordinates (539,1440) with 95% confidence
[TestNG-PoolService-0] INFO com.tonic.common.mobile.BasePage - 🔢 DIGIT MAPPED: '6' → Real keypad coordinates (647,1440) with 95% confidence
[TestNG-PoolService-0] INFO com.tonic.common.mobile.BasePage - 🔢 DIGIT MAPPED: '1' → Real keypad coordinates (431,1650) with 95% confidence
[TestNG-PoolService-0] INFO com.tonic.common.mobile.BasePage - 🔢 DIGIT MAPPED: '1' → Real keypad coordinates (431,1650) with 95% confidence
[TestNG-PoolService-0] INFO com.tonic.common.mobile.BasePage - 🔢 DIGIT MAPPED: '9' → Real keypad coordinates (647,1215) with 95% confidence
[TestNG-PoolService-0] INFO com.tonic.common.mobile.BasePage - 🔢 DIGIT MAPPED: '6' → Real keypad coordinates (647,1440) with 95% confidence
[TestNG-PoolService-0] INFO com.tonic.common.mobile.BasePage - 🔢 DIGIT MAPPED: '1' → Real keypad coordinates (431,1650) with 95% confidence
[TestNG-PoolService-0] INFO com.tonic.common.mobile.BasePage - 🔢 DIGIT MAPPED: '0' → Real keypad coordinates (439,1860) with 95% confidence
[TestNG-PoolService-0] INFO com.tonic.common.mobile.BasePage - 🔢 DIGIT MAPPED: '1' → Real keypad coordinates (431,1650) with 95% confidence
[TestNG-PoolService-0] INFO com.tonic.common.mobile.BasePage - 🔢 DIGIT MAPPED: '0' → Real keypad coordinates (439,1860) with 95% confidence
[TestNG-PoolService-0] INFO com.tonic.common.mobile.BasePage - 🔢 DIGIT MAPPED: '0' → Real keypad coordinates (439,1860) with 95% confidence
[TestNG-PoolService-0] INFO com.tonic.common.mobile.BasePage - 🔢 DIGIT MAPPED: '0' → Real keypad coordinates (439,1860) with 95% confidence
[TestNG-PoolService-0] INFO com.tonic.common.mobile.BasePage - 🔢 DIGIT MAPPED: '2' → Real keypad coordinates (539,1650) with 95% confidence
[TestNG-PoolService-0] INFO com.tonic.common.mobile.BasePage - 🔢 DIGIT MAPPED: '3' → Real keypad coordinates (647,1650) with 95% confidence
[TestNG-PoolService-0] INFO com.tonic.common.mobile.BasePage - 🔢 DIGIT MAPPED: '5' → Real keypad coordinates (539,1440) with 95% confidence
[TestNG-PoolService-0] INFO com.tonic.common.mobile.BasePage - 🔢 DIGIT MAPPED: '0' → Real keypad coordinates (439,1860) with 95% confidence
[TestNG-PoolService-0] INFO com.tonic.common.mobile.BasePage - 🔢 DIGIT MAPPED: '2' → Real keypad coordinates (539,1650) with 95% confidence
[TestNG-PoolService-0] INFO com.tonic.common.mobile.BasePage - 🔢 DIGIT MAPPED: '4' → Real keypad coordinates (439,1440) with 95% confidence
[TestNG-PoolService-0] INFO com.tonic.common.mobile.BasePage - 🔢 DIGIT MAPPED: '0' → Real keypad coordinates (439,1860) with 95% confidence
[TestNG-PoolService-0] INFO com.tonic.common.mobile.BasePage - 🔢 DIGIT MAPPED: '5' → Real keypad coordinates (539,1440) with 95% confidence
[TestNG-PoolService-0] INFO com.tonic.common.mobile.BasePage - 🔢 DIGIT MAPPED: '0' → Real keypad coordinates (439,1860) with 95% confidence
[TestNG-PoolService-0] INFO com.tonic.common.mobile.BasePage - 🔢 DIGIT MAPPED: '5' → Real keypad coordinates (539,1440) with 95% confidence
[TestNG-PoolService-0] INFO com.tonic.common.mobile.BasePage - 🔢 DIGIT MAPPED: '6' → Real keypad coordinates (647,1440) with 95% confidence
[TestNG-PoolService-0] INFO com.tonic.common.mobile.BasePage - 🔢 DIGIT MAPPED: '2' → Real keypad coordinates (539,1650) with 95% confidence
[TestNG-PoolService-0] INFO com.tonic.common.mobile.BasePage - 🔢 DIGIT MAPPED: '4' → Real keypad coordinates (439,1440) with 95% confidence
[TestNG-PoolService-0] INFO com.tonic.common.mobile.BasePage - 🔢 DIGIT MAPPED: '0' → Real keypad coordinates (439,1860) with 95% confidence
[TestNG-PoolService-0] INFO com.tonic.common.mobile.BasePage - 🔢 DIGIT MAPPED: '5' → Real keypad coordinates (539,1440) with 95% confidence
[TestNG-PoolService-0] INFO com.tonic.common.mobile.BasePage - 🔢 DIGIT MAPPED: '0' → Real keypad coordinates (439,1860) with 95% confidence
[TestNG-PoolService-0] INFO com.tonic.common.mobile.BasePage - 🔢 DIGIT MAPPED: '6' → Real keypad coordinates (647,1440) with 95% confidence
[TestNG-PoolService-0] INFO com.tonic.common.mobile.BasePage - 🔢 DIGIT MAPPED: '2' → Real keypad coordinates (539,1650) with 95% confidence
[TestNG-PoolService-0] INFO com.tonic.common.mobile.BasePage - 🔢 DIGIT MAPPED: '1' → Real keypad coordinates (431,1650) with 95% confidence
[TestNG-PoolService-0] INFO com.tonic.common.mobile.BasePage - 🔢 DIGIT MAPPED: '5' → Real keypad coordinates (539,1440) with 95% confidence
[TestNG-PoolService-0] INFO com.tonic.common.mobile.BasePage - 🔢 DIGIT MAPPED: '1' → Real keypad coordinates (431,1650) with 95% confidence
[TestNG-PoolService-0] INFO com.tonic.common.mobile.BasePage - 🔢 DIGIT MAPPED: '1' → Real keypad coordinates (431,1650) with 95% confidence
[TestNG-PoolService-0] INFO com.tonic.common.mobile.BasePage - 🔢 DIGIT MAPPED: '8' → Real keypad coordinates (539,1215) with 95% confidence
[TestNG-PoolService-0] INFO com.tonic.common.mobile.BasePage - 🔢 DIGIT MAPPED: '5' → Real keypad coordinates (539,1440) with 95% confidence
[TestNG-PoolService-0] INFO com.tonic.common.mobile.BasePage - 🔢 DIGIT MAPPED: '5' → Real keypad coordinates (539,1440) with 95% confidence
[TestNG-PoolService-0] INFO com.tonic.common.mobile.BasePage - 🔢 DIGIT MAPPED: '8' → Real keypad coordinates (539,1215) with 95% confidence
[TestNG-PoolService-0] INFO com.tonic.common.mobile.BasePage - 🔢 DIGIT MAPPED: '2' → Real keypad coordinates (539,1650) with 95% confidence
[TestNG-PoolService-0] INFO com.tonic.common.mobile.BasePage - 🔢 DIGIT MAPPED: '1' → Real keypad coordinates (431,1650) with 95% confidence
[TestNG-PoolService-0] INFO com.tonic.common.mobile.BasePage - 🔢 DIGIT MAPPED: '6' → Real keypad coordinates (647,1440) with 95% confidence
[TestNG-PoolService-0] INFO com.tonic.common.mobile.BasePage - 🔢 DIGIT MAPPED: '9' → Real keypad coordinates (647,1215) with 95% confidence
[TestNG-PoolService-0] INFO com.tonic.common.mobile.BasePage - 🔢 DIGIT MAPPED: '8' → Real keypad coordinates (539,1215) with 95% confidence
[TestNG-PoolService-0] INFO com.tonic.common.mobile.BasePage - 🔢 DIGIT MAPPED: '8' → Real keypad coordinates (539,1215) with 95% confidence
[TestNG-PoolService-0] INFO com.tonic.common.mobile.BasePage - 🔢 DIGIT MAPPED: '4' → Real keypad coordinates (439,1440) with 95% confidence
[TestNG-PoolService-0] INFO com.tonic.common.mobile.BasePage - 🔢 DIGIT MAPPED: '4' → Real keypad coordinates (439,1440) with 95% confidence
[TestNG-PoolService-0] INFO com.tonic.common.mobile.BasePage - 🔢 DIGIT MAPPED: '0' → Real keypad coordinates (439,1860) with 95% confidence
[TestNG-PoolService-0] INFO com.tonic.common.mobile.BasePage - 🔢 DIGIT MAPPED: '2' → Real keypad coordinates (539,1650) with 95% confidence
[TestNG-PoolService-0] INFO com.tonic.common.mobile.BasePage - 🔢 DIGIT MAPPED: '9' → Real keypad coordinates (647,1215) with 95% confidence
[TestNG-PoolService-0] INFO com.tonic.common.mobile.BasePage - 🔢 DIGIT MAPPED: '0' → Real keypad coordinates (439,1860) with 95% confidence
[TestNG-PoolService-0] INFO com.tonic.common.mobile.BasePage - 🔢 DIGIT MAPPED: '1' → Real keypad coordinates (431,1650) with 95% confidence
[TestNG-PoolService-0] INFO com.tonic.common.mobile.BasePage - 🔢 DIGIT MAPPED: '2' → Real keypad coordinates (539,1650) with 95% confidence
[TestNG-PoolService-0] INFO com.tonic.common.mobile.BasePage - 🔢 DIGIT MAPPED: '2' → Real keypad coordinates (539,1650) with 95% confidence
[TestNG-PoolService-0] INFO com.tonic.common.mobile.BasePage - 🔢 DIGIT MAPPED: '4' → Real keypad coordinates (439,1440) with 95% confidence
[TestNG-PoolService-0] INFO com.tonic.common.mobile.BasePage - 🔢 DIGIT MAPPED: '2' → Real keypad coordinates (539,1650) with 95% confidence
[TestNG-PoolService-0] INFO com.tonic.common.mobile.BasePage - 🔢 DIGIT MAPPED: '5' → Real keypad coordinates (539,1440) with 95% confidence
[TestNG-PoolService-0] INFO com.tonic.common.mobile.BasePage - 🔢 DIGIT MAPPED: '6' → Real keypad coordinates (647,1440) with 95% confidence
[TestNG-PoolService-0] INFO com.tonic.common.mobile.BasePage - 🔢 DIGIT MAPPED: '2' → Real keypad coordinates (539,1650) with 95% confidence
[TestNG-PoolService-0] INFO com.tonic.common.mobile.BasePage - 🔢 DIGIT MAPPED: '8' → Real keypad coordinates (539,1215) with 95% confidence
[TestNG-PoolService-0] INFO com.tonic.common.mobile.BasePage - 🔢 DIGIT MAPPED: '7' → Real keypad coordinates (427,1215) with 95% confidence
[TestNG-PoolService-0] INFO com.tonic.common.mobile.BasePage - 🔢 DIGIT MAPPED: '1' → Real keypad coordinates (431,1650) with 95% confidence
[TestNG-PoolService-0] INFO com.tonic.common.mobile.BasePage - 🔢 DIGIT MAPPED: '0' → Real keypad coordinates (439,1860) with 95% confidence
[TestNG-PoolService-0] INFO com.tonic.common.mobile.BasePage - 🔢 DIGIT MAPPED: '1' → Real keypad coordinates (431,1650) with 95% confidence
[TestNG-PoolService-0] INFO com.tonic.common.mobile.BasePage - 🔢 DIGIT MAPPED: '8' → Real keypad coordinates (539,1215) with 95% confidence
[TestNG-PoolService-0] INFO com.tonic.common.mobile.BasePage - 🔢 DIGIT MAPPED: '8' → Real keypad coordinates (539,1215) with 95% confidence
[TestNG-PoolService-0] INFO com.tonic.common.mobile.BasePage - 🔢 DIGIT MAPPED: '1' → Real keypad coordinates (431,1650) with 95% confidence
[TestNG-PoolService-0] INFO com.tonic.common.mobile.BasePage - 🔢 DIGIT MAPPED: '3' → Real keypad coordinates (647,1650) with 95% confidence
[TestNG-PoolService-0] INFO com.tonic.common.mobile.BasePage - 🔢 DIGIT MAPPED: '1' → Real keypad coordinates (431,1650) with 95% confidence
[TestNG-PoolService-0] INFO com.tonic.common.mobile.BasePage - 🔢 DIGIT MAPPED: '0' → Real keypad coordinates (439,1860) with 95% confidence
[TestNG-PoolService-0] INFO com.tonic.common.mobile.BasePage - 🔢 DIGIT MAPPED: '6' → Real keypad coordinates (647,1440) with 95% confidence
[TestNG-PoolService-0] INFO com.tonic.common.mobile.BasePage - 🔢 DIGIT MAPPED: '5' → Real keypad coordinates (539,1440) with 95% confidence
[TestNG-PoolService-0] INFO com.tonic.common.mobile.BasePage - 🔢 DIGIT MAPPED: '5' → Real keypad coordinates (539,1440) with 95% confidence
[TestNG-PoolService-0] INFO com.tonic.common.mobile.BasePage - 🔢 DIGIT MAPPED: '8' → Real keypad coordinates (539,1215) with 95% confidence
[TestNG-PoolService-0] INFO com.tonic.common.mobile.BasePage - 🔢 DIGIT MAPPED: '1' → Real keypad coordinates (431,1650) with 95% confidence
[TestNG-PoolService-0] INFO com.tonic.common.mobile.BasePage - 🔢 DIGIT MAPPED: '1' → Real keypad coordinates (431,1650) with 95% confidence
[TestNG-PoolService-0] INFO com.tonic.common.mobile.BasePage - 🔢 DIGIT MAPPED: '9' → Real keypad coordinates (647,1215) with 95% confidence
[TestNG-PoolService-0] INFO com.tonic.common.mobile.BasePage - 🔢 DIGIT MAPPED: '6' → Real keypad coordinates (647,1440) with 95% confidence
[TestNG-PoolService-0] INFO com.tonic.common.mobile.BasePage - 🔢 DIGIT MAPPED: '9' → Real keypad coordinates (647,1215) with 95% confidence
[TestNG-PoolService-0] INFO com.tonic.common.mobile.BasePage - 🔢 DIGIT MAPPED: '7' → Real keypad coordinates (427,1215) with 95% confidence
[TestNG-PoolService-0] INFO com.tonic.common.mobile.BasePage - 🔢 DIGIT MAPPED: '0' → Real keypad coordinates (439,1860) with 95% confidence
[TestNG-PoolService-0] INFO com.tonic.common.mobile.BasePage - 🔢 DIGIT MAPPED: '4' → Real keypad coordinates (439,1440) with 95% confidence
[TestNG-PoolService-0] INFO com.tonic.common.mobile.BasePage - 🔢 DIGIT MAPPED: '1' → Real keypad coordinates (431,1650) with 95% confidence
[TestNG-PoolService-0] INFO com.tonic.common.mobile.BasePage - 🔢 DIGIT MAPPED: '2' → Real keypad coordinates (539,1650) with 95% confidence
[TestNG-PoolService-0] INFO com.tonic.common.mobile.BasePage - 🔢 DIGIT MAPPED: '6' → Real keypad coordinates (647,1440) with 95% confidence
[TestNG-PoolService-0] INFO com.tonic.common.mobile.BasePage - 🔢 DIGIT MAPPED: '2' → Real keypad coordinates (539,1650) with 95% confidence
[TestNG-PoolService-0] INFO com.tonic.common.mobile.BasePage - 🔢 DIGIT MAPPED: '1' → Real keypad coordinates (431,1650) with 95% confidence
[TestNG-PoolService-0] INFO com.tonic.common.mobile.BasePage - 🔢 DIGIT MAPPED: '9' → Real keypad coordinates (647,1215) with 95% confidence
[TestNG-PoolService-0] INFO com.tonic.common.mobile.BasePage - 🔢 DIGIT MAPPED: '7' → Real keypad coordinates (427,1215) with 95% confidence
[TestNG-PoolService-0] INFO com.tonic.common.mobile.BasePage - 🔢 DIGIT MAPPED: '1' → Real keypad coordinates (431,1650) with 95% confidence
[TestNG-PoolService-0] INFO com.tonic.common.mobile.BasePage - 🔢 DIGIT MAPPED: '2' → Real keypad coordinates (539,1650) with 95% confidence
[TestNG-PoolService-0] INFO com.tonic.common.mobile.BasePage - 🔢 DIGIT MAPPED: '2' → Real keypad coordinates (539,1650) with 95% confidence
[TestNG-PoolService-0] INFO com.tonic.common.mobile.BasePage - 🔢 DIGIT MAPPED: '0' → Real keypad coordinates (439,1860) with 95% confidence
[TestNG-PoolService-0] INFO com.tonic.common.mobile.BasePage - 🔢 DIGIT MAPPED: '2' → Real keypad coordinates (539,1650) with 95% confidence
[TestNG-PoolService-0] INFO com.tonic.common.mobile.BasePage - 🔢 DIGIT MAPPED: '4' → Real keypad coordinates (439,1440) with 95% confidence
[TestNG-PoolService-0] INFO com.tonic.common.mobile.BasePage - 🔢 DIGIT MAPPED: '6' → Real keypad coordinates (647,1440) with 95% confidence
[TestNG-PoolService-0] INFO com.tonic.common.mobile.BasePage - 🔢 DIGIT MAPPED: '0' → Real keypad coordinates (439,1860) with 95% confidence
[TestNG-PoolService-0] INFO com.tonic.common.mobile.BasePage - 🔢 DIGIT MAPPED: '0' → Real keypad coordinates (439,1860) with 95% confidence
[TestNG-PoolService-0] INFO com.tonic.common.mobile.BasePage - 🔢 DIGIT MAPPED: '0' → Real keypad coordinates (439,1860) with 95% confidence
[TestNG-PoolService-0] INFO com.tonic.common.mobile.BasePage - 🔢 DIGIT MAPPED: '1' → Real keypad coordinates (431,1650) with 95% confidence
[TestNG-PoolService-0] INFO com.tonic.common.mobile.BasePage - 🔢 DIGIT MAPPED: '0' → Real keypad coordinates (439,1860) with 95% confidence
[TestNG-PoolService-0] INFO com.tonic.common.mobile.BasePage - 🔢 DIGIT MAPPED: '5' → Real keypad coordinates (539,1440) with 95% confidence
[TestNG-PoolService-0] INFO com.tonic.common.mobile.BasePage - 🔢 DIGIT MAPPED: '3' → Real keypad coordinates (647,1650) with 95% confidence
[TestNG-PoolService-0] INFO com.tonic.common.mobile.BasePage - 🔢 DIGIT MAPPED: '8' → Real keypad coordinates (539,1215) with 95% confidence
[TestNG-PoolService-0] INFO com.tonic.common.mobile.BasePage - 🔢 DIGIT MAPPED: '8' → Real keypad coordinates (539,1215) with 95% confidence
[TestNG-PoolService-0] INFO com.tonic.common.mobile.BasePage - 🔢 DIGIT MAPPED: '7' → Real keypad coordinates (427,1215) with 95% confidence
[TestNG-PoolService-0] INFO com.tonic.common.mobile.BasePage - 🔢 DIGIT MAPPED: '9' → Real keypad coordinates (647,1215) with 95% confidence
[TestNG-PoolService-0] INFO com.tonic.common.mobile.BasePage - 🔢 DIGIT MAPPED: '3' → Real keypad coordinates (647,1650) with 95% confidence
[TestNG-PoolService-0] INFO com.tonic.common.mobile.BasePage - 🔢 DIGIT MAPPED: '2' → Real keypad coordinates (539,1650) with 95% confidence
[TestNG-PoolService-0] INFO com.tonic.common.mobile.BasePage - 🔢 DIGIT MAPPED: '6' → Real keypad coordinates (647,1440) with 95% confidence
[TestNG-PoolService-0] INFO com.tonic.common.mobile.BasePage - 🔢 DIGIT MAPPED: '8' → Real keypad coordinates (539,1215) with 95% confidence
[TestNG-PoolService-0] INFO com.tonic.common.mobile.BasePage - 🔢 DIGIT MAPPED: '8' → Real keypad coordinates (539,1215) with 95% confidence
[TestNG-PoolService-0] INFO com.tonic.common.mobile.BasePage - 🔢 DIGIT MAPPED: '7' → Real keypad coordinates (427,1215) with 95% confidence
[TestNG-PoolService-0] INFO com.tonic.common.mobile.BasePage - 🔢 DIGIT MAPPED: '9' → Real keypad coordinates (647,1215) with 95% confidence
[TestNG-PoolService-0] INFO com.tonic.common.mobile.BasePage - 🔢 DIGIT MAPPED: '3' → Real keypad coordinates (647,1650) with 95% confidence
[TestNG-PoolService-0] INFO com.tonic.common.mobile.BasePage - 🔢 DIGIT MAPPED: '1' → Real keypad coordinates (431,1650) with 95% confidence
[TestNG-PoolService-0] INFO com.tonic.common.mobile.BasePage - 🔢 DIGIT MAPPED: '3' → Real keypad coordinates (647,1650) with 95% confidence
[TestNG-PoolService-0] INFO com.tonic.common.mobile.BasePage - 🔢 DIGIT MAPPED: '1' → Real keypad coordinates (431,1650) with 95% confidence
[TestNG-PoolService-0] INFO com.tonic.common.mobile.BasePage - 🔢 DIGIT MAPPED: '4' → Real keypad coordinates (439,1440) with 95% confidence
[TestNG-PoolService-0] INFO com.tonic.common.mobile.BasePage - 🔢 DIGIT MAPPED: '9' → Real keypad coordinates (647,1215) with 95% confidence
[TestNG-PoolService-0] INFO com.tonic.common.mobile.BasePage - 🔢 DIGIT MAPPED: '9' → Real keypad coordinates (647,1215) with 95% confidence
[TestNG-PoolService-0] INFO com.tonic.common.mobile.BasePage - 🔢 DIGIT MAPPED: '1' → Real keypad coordinates (431,1650) with 95% confidence
[TestNG-PoolService-0] INFO com.tonic.common.mobile.BasePage - 🔢 DIGIT MAPPED: '3' → Real keypad coordinates (647,1650) with 95% confidence
[TestNG-PoolService-0] INFO com.tonic.common.mobile.BasePage - 🔢 DIGIT MAPPED: '8' → Real keypad coordinates (539,1215) with 95% confidence
[TestNG-PoolService-0] INFO com.tonic.common.mobile.BasePage - 🔢 DIGIT MAPPED: '1' → Real keypad coordinates (431,1650) with 95% confidence
[TestNG-PoolService-0] INFO com.tonic.common.mobile.BasePage - 🔢 DIGIT MAPPED: '4' → Real keypad coordinates (439,1440) with 95% confidence
[TestNG-PoolService-0] INFO com.tonic.common.mobile.BasePage - 🔢 DIGIT MAPPED: '6' → Real keypad coordinates (647,1440) with 95% confidence
[TestNG-PoolService-0] INFO com.tonic.common.mobile.BasePage - 🔢 DIGIT MAPPED: '2' → Real keypad coordinates (539,1650) with 95% confidence
[TestNG-PoolService-0] INFO com.tonic.common.mobile.BasePage - 🔢 DIGIT MAPPED: '1' → Real keypad coordinates (431,1650) with 95% confidence
[TestNG-PoolService-0] INFO com.tonic.common.mobile.BasePage - 🔢 DIGIT MAPPED: '9' → Real keypad coordinates (647,1215) with 95% confidence
[TestNG-PoolService-0] INFO com.tonic.common.mobile.BasePage - 🔢 DIGIT MAPPED: '7' → Real keypad coordinates (427,1215) with 95% confidence
[TestNG-PoolService-0] INFO com.tonic.common.mobile.BasePage - 🔢 DIGIT MAPPED: '3' → Real keypad coordinates (647,1650) with 95% confidence
[TestNG-PoolService-0] INFO com.tonic.common.mobile.BasePage - 🔢 DIGIT MAPPED: '9' → Real keypad coordinates (647,1215) with 95% confidence
[TestNG-PoolService-0] INFO com.tonic.common.mobile.BasePage - 🔢 DIGIT MAPPED: '4' → Real keypad coordinates (439,1440) with 95% confidence
[TestNG-PoolService-0] INFO com.tonic.common.mobile.BasePage - 🔢 DIGIT MAPPED: '2' → Real keypad coordinates (539,1650) with 95% confidence
[TestNG-PoolService-0] INFO com.tonic.common.mobile.BasePage - 🔢 DIGIT MAPPED: '4' → Real keypad coordinates (439,1440) with 95% confidence
[TestNG-PoolService-0] INFO com.tonic.common.mobile.BasePage - 🔢 DIGIT MAPPED: '6' → Real keypad coordinates (647,1440) with 95% confidence
[TestNG-PoolService-0] INFO com.tonic.common.mobile.BasePage - 🔢 DIGIT MAPPED: '9' → Real keypad coordinates (647,1215) with 95% confidence
[TestNG-PoolService-0] INFO com.tonic.common.mobile.BasePage - 🔢 DIGIT MAPPED: '6' → Real keypad coordinates (647,1440) with 95% confidence
[TestNG-PoolService-0] INFO com.tonic.common.mobile.BasePage - 🔢 DIGIT MAPPED: '1' → Real keypad coordinates (431,1650) with 95% confidence
[TestNG-PoolService-0] INFO com.tonic.common.mobile.BasePage - 🔢 DIGIT MAPPED: '5' → Real keypad coordinates (539,1440) with 95% confidence
[TestNG-PoolService-0] INFO com.tonic.common.mobile.BasePage - 🔢 DIGIT MAPPED: '8' → Real keypad coordinates (539,1215) with 95% confidence
[TestNG-PoolService-0] INFO com.tonic.common.mobile.BasePage - 🔢 DIGIT MAPPED: '8' → Real keypad coordinates (539,1215) with 95% confidence
[TestNG-PoolService-0] INFO com.tonic.common.mobile.BasePage - 🔢 DIGIT MAPPED: '8' → Real keypad coordinates (539,1215) with 95% confidence
[TestNG-PoolService-0] INFO com.tonic.common.mobile.BasePage - 🔢 DIGIT MAPPED: '1' → Real keypad coordinates (431,1650) with 95% confidence
[TestNG-PoolService-0] INFO com.tonic.common.mobile.BasePage - 🔢 DIGIT MAPPED: '9' → Real keypad coordinates (647,1215) with 95% confidence
[TestNG-PoolService-0] INFO com.tonic.common.mobile.BasePage - 🔢 DIGIT MAPPED: '8' → Real keypad coordinates (539,1215) with 95% confidence
[TestNG-PoolService-0] INFO com.tonic.common.mobile.BasePage - 🔢 DIGIT MAPPED: '1' → Real keypad coordinates (431,1650) with 95% confidence
[TestNG-PoolService-0] INFO com.tonic.common.mobile.BasePage - 🔢 DIGIT MAPPED: '2' → Real keypad coordinates (539,1650) with 95% confidence
[TestNG-PoolService-0] INFO com.tonic.common.mobile.BasePage - 🔢 DIGIT MAPPED: '2' → Real keypad coordinates (539,1650) with 95% confidence
[TestNG-PoolService-0] INFO com.tonic.common.mobile.BasePage - 🔢 DIGIT MAPPED: '0' → Real keypad coordinates (439,1860) with 95% confidence
[TestNG-PoolService-0] INFO com.tonic.common.mobile.BasePage - 🔢 DIGIT MAPPED: '2' → Real keypad coordinates (539,1650) with 95% confidence
[TestNG-PoolService-0] INFO com.tonic.common.mobile.BasePage - 🔢 DIGIT MAPPED: '4' → Real keypad coordinates (439,1440) with 95% confidence
[TestNG-PoolService-0] INFO com.tonic.common.mobile.BasePage - 🔢 DIGIT MAPPED: '5' → Real keypad coordinates (539,1440) with 95% confidence
[TestNG-PoolService-0] INFO com.tonic.common.mobile.BasePage - 🔢 DIGIT MAPPED: '9' → Real keypad coordinates (647,1215) with 95% confidence
[TestNG-PoolService-0] INFO com.tonic.common.mobile.BasePage - 🔢 DIGIT MAPPED: '6' → Real keypad coordinates (647,1440) with 95% confidence
[TestNG-PoolService-0] INFO com.tonic.common.mobile.BasePage - 🔢 DIGIT MAPPED: '1' → Real keypad coordinates (431,1650) with 95% confidence
[TestNG-PoolService-0] INFO com.tonic.common.mobile.BasePage - 🔢 DIGIT MAPPED: '3' → Real keypad coordinates (647,1650) with 95% confidence
[TestNG-PoolService-0] INFO com.tonic.common.mobile.BasePage - 🔢 DIGIT MAPPED: '1' → Real keypad coordinates (431,1650) with 95% confidence
[TestNG-PoolService-0] INFO com.tonic.common.mobile.BasePage - 🔢 DIGIT MAPPED: '3' → Real keypad coordinates (647,1650) with 95% confidence
[TestNG-PoolService-0] INFO com.tonic.common.mobile.BasePage - 🔢 DIGIT MAPPED: '6' → Real keypad coordinates (647,1440) with 95% confidence
[TestNG-PoolService-0] INFO com.tonic.common.mobile.BasePage - 🔢 DIGIT MAPPED: '2' → Real keypad coordinates (539,1650) with 95% confidence
[TestNG-PoolService-0] INFO com.tonic.common.mobile.BasePage - 🔢 DIGIT MAPPED: '7' → Real keypad coordinates (427,1215) with 95% confidence
[TestNG-PoolService-0] INFO com.tonic.common.mobile.BasePage - 🔢 DIGIT MAPPED: '6' → Real keypad coordinates (647,1440) with 95% confidence
[TestNG-PoolService-0] INFO com.tonic.common.mobile.BasePage - 🔢 DIGIT MAPPED: '1' → Real keypad coordinates (431,1650) with 95% confidence
[TestNG-PoolService-0] INFO com.tonic.common.mobile.BasePage - 🔢 DIGIT MAPPED: '1' → Real keypad coordinates (431,1650) with 95% confidence
[TestNG-PoolService-0] INFO com.tonic.common.mobile.BasePage - 🔢 DIGIT MAPPED: '4' → Real keypad coordinates (439,1440) with 95% confidence
[TestNG-PoolService-0] INFO com.tonic.common.mobile.BasePage - 🔢 DIGIT MAPPED: '5' → Real keypad coordinates (539,1440) with 95% confidence
[TestNG-PoolService-0] INFO com.tonic.common.mobile.BasePage - 🔢 DIGIT MAPPED: '4' → Real keypad coordinates (439,1440) with 95% confidence
[TestNG-PoolService-0] INFO com.tonic.common.mobile.BasePage - 🔢 DIGIT MAPPED: '5' → Real keypad coordinates (539,1440) with 95% confidence
[TestNG-PoolService-0] INFO com.tonic.common.mobile.BasePage - 🔢 DIGIT MAPPED: '7' → Real keypad coordinates (427,1215) with 95% confidence
[TestNG-PoolService-0] INFO com.tonic.common.mobile.BasePage - 🔢 DIGIT MAPPED: '0' → Real keypad coordinates (439,1860) with 95% confidence
[TestNG-PoolService-0] INFO com.tonic.common.mobile.BasePage - 🔢 DIGIT MAPPED: '0' → Real keypad coordinates (439,1860) with 95% confidence
[TestNG-PoolService-0] INFO com.tonic.common.mobile.BasePage - 🔢 DIGIT MAPPED: '0' → Real keypad coordinates (439,1860) with 95% confidence
[TestNG-PoolService-0] INFO com.tonic.common.mobile.BasePage - 🔢 DIGIT MAPPED: '1' → Real keypad coordinates (431,1650) with 95% confidence
[TestNG-PoolService-0] INFO com.tonic.common.mobile.BasePage - 🔢 DIGIT MAPPED: '4' → Real keypad coordinates (439,1440) with 95% confidence
[TestNG-PoolService-0] INFO com.tonic.common.mobile.BasePage - 🔢 DIGIT MAPPED: '1' → Real keypad coordinates (431,1650) with 95% confidence
[TestNG-PoolService-0] INFO com.tonic.common.mobile.BasePage - 🔢 DIGIT MAPPED: '9' → Real keypad coordinates (647,1215) with 95% confidence
[TestNG-PoolService-0] INFO com.tonic.common.mobile.BasePage - 🔢 DIGIT MAPPED: '2' → Real keypad coordinates (539,1650) with 95% confidence
[TestNG-PoolService-0] INFO com.tonic.common.mobile.BasePage - 🔢 DIGIT MAPPED: '6' → Real keypad coordinates (647,1440) with 95% confidence
[TestNG-PoolService-0] INFO com.tonic.common.mobile.BasePage - 🔢 DIGIT MAPPED: '5' → Real keypad coordinates (539,1440) with 95% confidence
[TestNG-PoolService-0] INFO com.tonic.common.mobile.BasePage - 🔢 DIGIT MAPPED: '8' → Real keypad coordinates (539,1215) with 95% confidence
[TestNG-PoolService-0] INFO com.tonic.common.mobile.BasePage - 🔢 DIGIT MAPPED: '2' → Real keypad coordinates (539,1650) with 95% confidence
[TestNG-PoolService-0] INFO com.tonic.common.mobile.BasePage - 🔢 DIGIT MAPPED: '3' → Real keypad coordinates (647,1650) with 95% confidence
[TestNG-PoolService-0] INFO com.tonic.common.mobile.BasePage - 🔢 DIGIT MAPPED: '2' → Real keypad coordinates (539,1650) with 95% confidence
[TestNG-PoolService-0] INFO com.tonic.common.mobile.BasePage - 🔢 DIGIT MAPPED: '0' → Real keypad coordinates (439,1860) with 95% confidence
[TestNG-PoolService-0] INFO com.tonic.common.mobile.BasePage - 🔢 DIGIT MAPPED: '6' → Real keypad coordinates (647,1440) with 95% confidence
[TestNG-PoolService-0] INFO com.tonic.common.mobile.BasePage - 🔢 DIGIT MAPPED: '5' → Real keypad coordinates (539,1440) with 95% confidence
[TestNG-PoolService-0] INFO com.tonic.common.mobile.BasePage - 🔢 DIGIT MAPPED: '8' → Real keypad coordinates (539,1215) with 95% confidence
[TestNG-PoolService-0] INFO com.tonic.common.mobile.BasePage - 🔢 DIGIT MAPPED: '2' → Real keypad coordinates (539,1650) with 95% confidence
[TestNG-PoolService-0] INFO com.tonic.common.mobile.BasePage - 🔢 DIGIT MAPPED: '2' → Real keypad coordinates (539,1650) with 95% confidence
[TestNG-PoolService-0] INFO com.tonic.common.mobile.BasePage - 🔢 DIGIT MAPPED: '8' → Real keypad coordinates (539,1215) with 95% confidence
[TestNG-PoolService-0] INFO com.tonic.common.mobile.BasePage - 🔢 DIGIT MAPPED: '7' → Real keypad coordinates (427,1215) with 95% confidence
[TestNG-PoolService-0] INFO com.tonic.common.mobile.BasePage - 🔢 DIGIT MAPPED: '6' → Real keypad coordinates (647,1440) with 95% confidence
[TestNG-PoolService-0] INFO com.tonic.common.mobile.BasePage - 🔢 DIGIT MAPPED: '1' → Real keypad coordinates (431,1650) with 95% confidence
[TestNG-PoolService-0] INFO com.tonic.common.mobile.BasePage - 🔢 DIGIT MAPPED: '6' → Real keypad coordinates (647,1440) with 95% confidence
[TestNG-PoolService-0] INFO com.tonic.common.mobile.BasePage - 🔢 DIGIT MAPPED: '1' → Real keypad coordinates (431,1650) with 95% confidence
[TestNG-PoolService-0] INFO com.tonic.common.mobile.BasePage - 🔢 DIGIT MAPPED: '3' → Real keypad coordinates (647,1650) with 95% confidence
[TestNG-PoolService-0] INFO com.tonic.common.mobile.BasePage - 🔢 DIGIT MAPPED: '6' → Real keypad coordinates (647,1440) with 95% confidence
[TestNG-PoolService-0] INFO com.tonic.common.mobile.BasePage - 🔢 DIGIT MAPPED: '2' → Real keypad coordinates (539,1650) with 95% confidence
[TestNG-PoolService-0] INFO com.tonic.common.mobile.BasePage - 🔢 DIGIT MAPPED: '9' → Real keypad coordinates (647,1215) with 95% confidence
[TestNG-PoolService-0] INFO com.tonic.common.mobile.BasePage - 🔢 DIGIT MAPPED: '5' → Real keypad coordinates (539,1440) with 95% confidence
[TestNG-PoolService-0] INFO com.tonic.common.mobile.BasePage - 🔢 DIGIT MAPPED: '3' → Real keypad coordinates (647,1650) with 95% confidence
[TestNG-PoolService-0] INFO com.tonic.common.mobile.BasePage - 🔢 DIGIT MAPPED: '1' → Real keypad coordinates (431,1650) with 95% confidence
[TestNG-PoolService-0] INFO com.tonic.common.mobile.BasePage - 🔢 DIGIT MAPPED: '6' → Real keypad coordinates (647,1440) with 95% confidence
[TestNG-PoolService-0] INFO com.tonic.common.mobile.BasePage - 🔢 DIGIT MAPPED: '4' → Real keypad coordinates (439,1440) with 95% confidence
[TestNG-PoolService-0] INFO com.tonic.common.mobile.BasePage - 🔢 DIGIT MAPPED: '3' → Real keypad coordinates (647,1650) with 95% confidence
[TestNG-PoolService-0] INFO com.tonic.common.mobile.BasePage - 🔢 DIGIT MAPPED: '8' → Real keypad coordinates (539,1215) with 95% confidence
[TestNG-PoolService-0] INFO com.tonic.common.mobile.BasePage - 🔢 DIGIT MAPPED: '9' → Real keypad coordinates (647,1215) with 95% confidence
[TestNG-PoolService-0] INFO com.tonic.common.mobile.BasePage - 🔢 DIGIT MAPPED: '1' → Real keypad coordinates (431,1650) with 95% confidence
[TestNG-PoolService-0] INFO com.tonic.common.mobile.BasePage - 🔢 DIGIT MAPPED: '7' → Real keypad coordinates (427,1215) with 95% confidence
[TestNG-PoolService-0] INFO com.tonic.common.mobile.BasePage - 🔢 DIGIT MAPPED: '9' → Real keypad coordinates (647,1215) with 95% confidence
[TestNG-PoolService-0] INFO com.tonic.common.mobile.BasePage - 🔢 DIGIT MAPPED: '6' → Real keypad coordinates (647,1440) with 95% confidence
[TestNG-PoolService-0] INFO com.tonic.common.mobile.BasePage - 🔢 DIGIT MAPPED: '5' → Real keypad coordinates (539,1440) with 95% confidence
[TestNG-PoolService-0] INFO com.tonic.common.mobile.BasePage - 🔢 DIGIT MAPPED: '2' → Real keypad coordinates (539,1650) with 95% confidence
[TestNG-PoolService-0] INFO com.tonic.common.mobile.BasePage - 🔢 DIGIT MAPPED: '7' → Real keypad coordinates (427,1215) with 95% confidence
[TestNG-PoolService-0] INFO com.tonic.common.mobile.BasePage - 🔢 DIGIT MAPPED: '6' → Real keypad coordinates (647,1440) with 95% confidence
[TestNG-PoolService-0] INFO com.tonic.common.mobile.BasePage - 🔢 DIGIT MAPPED: '1' → Real keypad coordinates (431,1650) with 95% confidence
[TestNG-PoolService-0] INFO com.tonic.common.mobile.BasePage - 🔢 DIGIT MAPPED: '1' → Real keypad coordinates (431,1650) with 95% confidence
[TestNG-PoolService-0] INFO com.tonic.common.mobile.BasePage - 🔢 DIGIT MAPPED: '4' → Real keypad coordinates (439,1440) with 95% confidence
[TestNG-PoolService-0] INFO com.tonic.common.mobile.BasePage - 🔢 DIGIT MAPPED: '5' → Real keypad coordinates (539,1440) with 95% confidence
[TestNG-PoolService-0] INFO com.tonic.common.mobile.BasePage - 🔢 DIGIT MAPPED: '4' → Real keypad coordinates (439,1440) with 95% confidence
[TestNG-PoolService-0] INFO com.tonic.common.mobile.BasePage - 🔢 DIGIT MAPPED: '5' → Real keypad coordinates (539,1440) with 95% confidence
[TestNG-PoolService-0] INFO com.tonic.common.mobile.BasePage - 🔢 DIGIT MAPPED: '7' → Real keypad coordinates (427,1215) with 95% confidence
[TestNG-PoolService-0] INFO com.tonic.common.mobile.BasePage - 🔢 DIGIT MAPPED: '5' → Real keypad coordinates (539,1440) with 95% confidence
[TestNG-PoolService-0] INFO com.tonic.common.mobile.BasePage - 🔢 DIGIT MAPPED: '8' → Real keypad coordinates (539,1215) with 95% confidence
[TestNG-PoolService-0] INFO com.tonic.common.mobile.BasePage - 🔢 DIGIT MAPPED: '1' → Real keypad coordinates (431,1650) with 95% confidence
[TestNG-PoolService-0] INFO com.tonic.common.mobile.BasePage - 🔢 DIGIT MAPPED: '4' → Real keypad coordinates (439,1440) with 95% confidence
[TestNG-PoolService-0] INFO com.tonic.common.mobile.BasePage - 🔢 DIGIT MAPPED: '5' → Real keypad coordinates (539,1440) with 95% confidence
[TestNG-PoolService-0] INFO com.tonic.common.mobile.BasePage - 🔢 DIGIT MAPPED: '4' → Real keypad coordinates (439,1440) with 95% confidence
[TestNG-PoolService-0] INFO com.tonic.common.mobile.BasePage - 🔢 DIGIT MAPPED: '2' → Real keypad coordinates (539,1650) with 95% confidence
[TestNG-PoolService-0] INFO com.tonic.common.mobile.BasePage - 🔢 DIGIT MAPPED: '1' → Real keypad coordinates (431,1650) with 95% confidence
[TestNG-PoolService-0] INFO com.tonic.common.mobile.BasePage - 🔢 DIGIT MAPPED: '1' → Real keypad coordinates (431,1650) with 95% confidence
[TestNG-PoolService-0] INFO com.tonic.common.mobile.BasePage - 🔢 DIGIT MAPPED: '0' → Real keypad coordinates (439,1860) with 95% confidence
[TestNG-PoolService-0] INFO com.tonic.common.mobile.BasePage - 🔢 DIGIT MAPPED: '9' → Real keypad coordinates (647,1215) with 95% confidence
[TestNG-PoolService-0] INFO com.tonic.common.mobile.BasePage - 🔢 DIGIT MAPPED: '9' → Real keypad coordinates (647,1215) with 95% confidence
[TestNG-PoolService-0] INFO com.tonic.common.mobile.BasePage - 🔢 DIGIT MAPPED: '5' → Real keypad coordinates (539,1440) with 95% confidence
[TestNG-PoolService-0] INFO com.tonic.common.mobile.BasePage - 🔢 DIGIT MAPPED: '3' → Real keypad coordinates (647,1650) with 95% confidence
[TestNG-PoolService-0] INFO com.tonic.common.mobile.BasePage - 🔢 DIGIT MAPPED: '1' → Real keypad coordinates (431,1650) with 95% confidence
[TestNG-PoolService-0] INFO com.tonic.common.mobile.BasePage - 🔢 DIGIT MAPPED: '3' → Real keypad coordinates (647,1650) with 95% confidence
[TestNG-PoolService-0] INFO com.tonic.common.mobile.BasePage - 🔢 DIGIT MAPPED: '0' → Real keypad coordinates (439,1860) with 95% confidence
[TestNG-PoolService-0] INFO com.tonic.common.mobile.BasePage - 🔢 DIGIT MAPPED: '5' → Real keypad coordinates (539,1440) with 95% confidence
[TestNG-PoolService-0] INFO com.tonic.common.mobile.BasePage - 🔢 DIGIT MAPPED: '0' → Real keypad coordinates (439,1860) with 95% confidence
[TestNG-PoolService-0] INFO com.tonic.common.mobile.BasePage - 🔢 DIGIT MAPPED: '0' → Real keypad coordinates (439,1860) with 95% confidence
[TestNG-PoolService-0] INFO com.tonic.common.mobile.BasePage - 🔢 DIGIT MAPPED: '2' → Real keypad coordinates (539,1650) with 95% confidence
[TestNG-PoolService-0] INFO com.tonic.common.mobile.BasePage - 🔢 DIGIT MAPPED: '2' → Real keypad coordinates (539,1650) with 95% confidence
[TestNG-PoolService-0] INFO com.tonic.common.mobile.BasePage - 🔢 DIGIT MAPPED: '4' → Real keypad coordinates (439,1440) with 95% confidence
[TestNG-PoolService-0] INFO com.tonic.common.mobile.BasePage - 🔢 DIGIT MAPPED: '7' → Real keypad coordinates (427,1215) with 95% confidence
[TestNG-PoolService-0] INFO com.tonic.common.mobile.BasePage - 🔢 DIGIT MAPPED: '2' → Real keypad coordinates (539,1650) with 95% confidence
[TestNG-PoolService-0] INFO com.tonic.common.mobile.BasePage - 🔢 DIGIT MAPPED: '4' → Real keypad coordinates (439,1440) with 95% confidence
[TestNG-PoolService-0] INFO com.tonic.common.mobile.BasePage - 🔢 DIGIT MAPPED: '1' → Real keypad coordinates (431,1650) with 95% confidence
[TestNG-PoolService-0] INFO com.tonic.common.mobile.BasePage - 🔢 DIGIT MAPPED: '4' → Real keypad coordinates (439,1440) with 95% confidence
[TestNG-PoolService-0] INFO com.tonic.common.mobile.BasePage - 🔢 DIGIT MAPPED: '2' → Real keypad coordinates (539,1650) with 95% confidence
[TestNG-PoolService-0] INFO com.tonic.common.mobile.BasePage - 🔢 DIGIT MAPPED: '8' → Real keypad coordinates (539,1215) with 95% confidence
[TestNG-PoolService-0] INFO com.tonic.common.mobile.BasePage - 🔢 DIGIT MAPPED: '7' → Real keypad coordinates (427,1215) with 95% confidence
[TestNG-PoolService-0] INFO com.tonic.common.mobile.BasePage - 🔢 DIGIT MAPPED: '2' → Real keypad coordinates (539,1650) with 95% confidence
[TestNG-PoolService-0] INFO com.tonic.common.mobile.BasePage - 🔢 DIGIT MAPPED: '4' → Real keypad coordinates (439,1440) with 95% confidence
[TestNG-PoolService-0] INFO com.tonic.common.mobile.BasePage - 🔢 DIGIT MAPPED: '1' → Real keypad coordinates (431,1650) with 95% confidence
[TestNG-PoolService-0] INFO com.tonic.common.mobile.BasePage - 🔢 DIGIT MAPPED: '3' → Real keypad coordinates (647,1650) with 95% confidence
[TestNG-PoolService-0] INFO com.tonic.common.mobile.BasePage - 🔢 DIGIT MAPPED: '8' → Real keypad coordinates (539,1215) with 95% confidence
[TestNG-PoolService-0] INFO com.tonic.common.mobile.BasePage - 🔢 DIGIT MAPPED: '6' → Real keypad coordinates (647,1440) with 95% confidence
[TestNG-PoolService-0] INFO com.tonic.common.mobile.BasePage - 🔢 DIGIT MAPPED: '2' → Real keypad coordinates (539,1650) with 95% confidence
[TestNG-PoolService-0] INFO com.tonic.common.mobile.BasePage - 🔢 DIGIT MAPPED: '5' → Real keypad coordinates (539,1440) with 95% confidence
[TestNG-PoolService-0] INFO com.tonic.common.mobile.BasePage - 🔢 DIGIT MAPPED: '1' → Real keypad coordinates (431,1650) with 95% confidence
[TestNG-PoolService-0] INFO com.tonic.common.mobile.BasePage - 🔢 DIGIT MAPPED: '7' → Real keypad coordinates (427,1215) with 95% confidence
[TestNG-PoolService-0] INFO com.tonic.common.mobile.BasePage - 🔢 DIGIT MAPPED: '2' → Real keypad coordinates (539,1650) with 95% confidence
[TestNG-PoolService-0] INFO com.tonic.common.mobile.BasePage - 🔢 DIGIT MAPPED: '4' → Real keypad coordinates (439,1440) with 95% confidence
[TestNG-PoolService-0] INFO com.tonic.common.mobile.BasePage - 🔢 DIGIT MAPPED: '2' → Real keypad coordinates (539,1650) with 95% confidence
[TestNG-PoolService-0] INFO com.tonic.common.mobile.BasePage - 🔢 DIGIT MAPPED: '1' → Real keypad coordinates (431,1650) with 95% confidence
[TestNG-PoolService-0] INFO com.tonic.common.mobile.BasePage - 🔢 DIGIT MAPPED: '8' → Real keypad coordinates (539,1215) with 95% confidence
[TestNG-PoolService-0] INFO com.tonic.common.mobile.BasePage - 🔢 DIGIT MAPPED: '5' → Real keypad coordinates (539,1440) with 95% confidence
[TestNG-PoolService-0] INFO com.tonic.common.mobile.BasePage - 🔢 DIGIT MAPPED: '4' → Real keypad coordinates (439,1440) with 95% confidence
[TestNG-PoolService-0] INFO com.tonic.common.mobile.BasePage - 🔢 DIGIT MAPPED: '2' → Real keypad coordinates (539,1650) with 95% confidence
[TestNG-PoolService-0] INFO com.tonic.common.mobile.BasePage - 🔢 DIGIT MAPPED: '1' → Real keypad coordinates (431,1650) with 95% confidence
[TestNG-PoolService-0] INFO com.tonic.common.mobile.BasePage - 🔢 DIGIT MAPPED: '1' → Real keypad coordinates (431,1650) with 95% confidence
[TestNG-PoolService-0] INFO com.tonic.common.mobile.BasePage - 🔢 DIGIT MAPPED: '0' → Real keypad coordinates (439,1860) with 95% confidence
[TestNG-PoolService-0] INFO com.tonic.common.mobile.BasePage - 🔢 DIGIT MAPPED: '9' → Real keypad coordinates (647,1215) with 95% confidence
[TestNG-PoolService-0] INFO com.tonic.common.mobile.BasePage - 🔢 DIGIT MAPPED: '7' → Real keypad coordinates (427,1215) with 95% confidence
[TestNG-PoolService-0] INFO com.tonic.common.mobile.BasePage - 🔢 DIGIT MAPPED: '3' → Real keypad coordinates (647,1650) with 95% confidence
[TestNG-PoolService-0] INFO com.tonic.common.mobile.BasePage - 🔢 DIGIT MAPPED: '8' → Real keypad coordinates (539,1215) with 95% confidence
[TestNG-PoolService-0] INFO com.tonic.common.mobile.BasePage - 🔢 DIGIT MAPPED: '1' → Real keypad coordinates (431,1650) with 95% confidence
[TestNG-PoolService-0] INFO com.tonic.common.mobile.BasePage - 🔢 DIGIT MAPPED: '3' → Real keypad coordinates (647,1650) with 95% confidence
[TestNG-PoolService-0] INFO com.tonic.common.mobile.BasePage - 🔢 DIGIT MAPPED: '0' → Real keypad coordinates (439,1860) with 95% confidence
[TestNG-PoolService-0] INFO com.tonic.common.mobile.BasePage - 🔢 DIGIT MAPPED: '5' → Real keypad coordinates (539,1440) with 95% confidence
[TestNG-PoolService-0] INFO com.tonic.common.mobile.BasePage - 🔢 DIGIT MAPPED: '0' → Real keypad coordinates (439,1860) with 95% confidence
[TestNG-PoolService-0] INFO com.tonic.common.mobile.BasePage - 🔢 DIGIT MAPPED: '8' → Real keypad coordinates (539,1215) with 95% confidence
[TestNG-PoolService-0] INFO com.tonic.common.mobile.BasePage - 🔢 DIGIT MAPPED: '1' → Real keypad coordinates (431,1650) with 95% confidence
[TestNG-PoolService-0] INFO com.tonic.common.mobile.BasePage - 🔢 DIGIT MAPPED: '9' → Real keypad coordinates (647,1215) with 95% confidence
[TestNG-PoolService-0] INFO com.tonic.common.mobile.BasePage - 🔢 DIGIT MAPPED: '7' → Real keypad coordinates (427,1215) with 95% confidence
[TestNG-PoolService-0] INFO com.tonic.common.mobile.BasePage - 🔢 DIGIT MAPPED: '5' → Real keypad coordinates (539,1440) with 95% confidence
[TestNG-PoolService-0] INFO com.tonic.common.mobile.BasePage - 🔢 DIGIT MAPPED: '7' → Real keypad coordinates (427,1215) with 95% confidence
[TestNG-PoolService-0] INFO com.tonic.common.mobile.BasePage - 🔢 DIGIT MAPPED: '1' → Real keypad coordinates (431,1650) with 95% confidence
[TestNG-PoolService-0] INFO com.tonic.common.mobile.BasePage - 🔢 DIGIT MAPPED: '1' → Real keypad coordinates (431,1650) with 95% confidence
[TestNG-PoolService-0] INFO com.tonic.common.mobile.BasePage - 🔢 DIGIT MAPPED: '0' → Real keypad coordinates (439,1860) with 95% confidence
[TestNG-PoolService-0] INFO com.tonic.common.mobile.BasePage - 🔢 DIGIT MAPPED: '9' → Real keypad coordinates (647,1215) with 95% confidence
[TestNG-PoolService-0] INFO com.tonic.common.mobile.BasePage - 🔢 DIGIT MAPPED: '9' → Real keypad coordinates (647,1215) with 95% confidence
[TestNG-PoolService-0] INFO com.tonic.common.mobile.BasePage - 🔢 DIGIT MAPPED: '5' → Real keypad coordinates (539,1440) with 95% confidence
[TestNG-PoolService-0] INFO com.tonic.common.mobile.BasePage - 🔢 DIGIT MAPPED: '3' → Real keypad coordinates (647,1650) with 95% confidence
[TestNG-PoolService-0] INFO com.tonic.common.mobile.BasePage - 🔢 DIGIT MAPPED: '1' → Real keypad coordinates (431,1650) with 95% confidence
[TestNG-PoolService-0] INFO com.tonic.common.mobile.BasePage - 🔢 DIGIT MAPPED: '3' → Real keypad coordinates (647,1650) with 95% confidence
[TestNG-PoolService-0] INFO com.tonic.common.mobile.BasePage - 🔢 DIGIT MAPPED: '0' → Real keypad coordinates (439,1860) with 95% confidence
[TestNG-PoolService-0] INFO com.tonic.common.mobile.BasePage - 🔢 DIGIT MAPPED: '5' → Real keypad coordinates (539,1440) with 95% confidence
[TestNG-PoolService-0] INFO com.tonic.common.mobile.BasePage - 🔢 DIGIT MAPPED: '0' → Real keypad coordinates (439,1860) with 95% confidence
[TestNG-PoolService-0] INFO com.tonic.common.mobile.BasePage - 🔢 DIGIT MAPPED: '9' → Real keypad coordinates (647,1215) with 95% confidence
[TestNG-PoolService-0] INFO com.tonic.common.mobile.BasePage - 🔢 DIGIT MAPPED: '1' → Real keypad coordinates (431,1650) with 95% confidence
[TestNG-PoolService-0] INFO com.tonic.common.mobile.BasePage - 🔢 DIGIT MAPPED: '5' → Real keypad coordinates (539,1440) with 95% confidence
[TestNG-PoolService-0] INFO com.tonic.common.mobile.BasePage - 🔢 DIGIT MAPPED: '7' → Real keypad coordinates (427,1215) with 95% confidence
[TestNG-PoolService-0] INFO com.tonic.common.mobile.BasePage - 🔢 DIGIT MAPPED: '5' → Real keypad coordinates (539,1440) with 95% confidence
[TestNG-PoolService-0] INFO com.tonic.common.mobile.BasePage - 🔢 DIGIT MAPPED: '7' → Real keypad coordinates (427,1215) with 95% confidence
[TestNG-PoolService-0] INFO com.tonic.common.mobile.BasePage - 🔢 DIGIT MAPPED: '1' → Real keypad coordinates (431,1650) with 95% confidence
[TestNG-PoolService-0] INFO com.tonic.common.mobile.BasePage - 🔢 DIGIT MAPPED: '3' → Real keypad coordinates (647,1650) with 95% confidence
[TestNG-PoolService-0] INFO com.tonic.common.mobile.BasePage - 🔢 DIGIT MAPPED: '2' → Real keypad coordinates (539,1650) with 95% confidence
[TestNG-PoolService-0] INFO com.tonic.common.mobile.BasePage - 🔢 DIGIT MAPPED: '4' → Real keypad coordinates (439,1440) with 95% confidence
[TestNG-PoolService-0] INFO com.tonic.common.mobile.BasePage - 🔢 DIGIT MAPPED: '9' → Real keypad coordinates (647,1215) with 95% confidence
[TestNG-PoolService-0] INFO com.tonic.common.mobile.BasePage - 🔢 DIGIT MAPPED: '5' → Real keypad coordinates (539,1440) with 95% confidence
[TestNG-PoolService-0] INFO com.tonic.common.mobile.BasePage - 🔢 DIGIT MAPPED: '3' → Real keypad coordinates (647,1650) with 95% confidence
[TestNG-PoolService-0] INFO com.tonic.common.mobile.BasePage - 🔢 DIGIT MAPPED: '1' → Real keypad coordinates (431,1650) with 95% confidence
[TestNG-PoolService-0] INFO com.tonic.common.mobile.BasePage - 🔢 DIGIT MAPPED: '5' → Real keypad coordinates (539,1440) with 95% confidence
[TestNG-PoolService-0] INFO com.tonic.common.mobile.BasePage - 🔢 DIGIT MAPPED: '2' → Real keypad coordinates (539,1650) with 95% confidence
[TestNG-PoolService-0] INFO com.tonic.common.mobile.BasePage - 🔢 DIGIT MAPPED: '0' → Real keypad coordinates (439,1860) with 95% confidence
[TestNG-PoolService-0] INFO com.tonic.common.mobile.BasePage - 🔢 DIGIT MAPPED: '0' → Real keypad coordinates (439,1860) with 95% confidence
[TestNG-PoolService-0] INFO com.tonic.common.mobile.BasePage - 🔢 DIGIT MAPPED: '0' → Real keypad coordinates (439,1860) with 95% confidence
[TestNG-PoolService-0] INFO com.tonic.common.mobile.BasePage - 🔢 DIGIT MAPPED: '2' → Real keypad coordinates (539,1650) with 95% confidence
[TestNG-PoolService-0] INFO com.tonic.common.mobile.BasePage - 🔢 DIGIT MAPPED: '2' → Real keypad coordinates (539,1650) with 95% confidence
[TestNG-PoolService-0] INFO com.tonic.common.mobile.BasePage - 🔢 DIGIT MAPPED: '4' → Real keypad coordinates (439,1440) with 95% confidence
[TestNG-PoolService-0] INFO com.tonic.common.mobile.BasePage - 🔢 DIGIT MAPPED: '7' → Real keypad coordinates (427,1215) with 95% confidence
[TestNG-PoolService-0] INFO com.tonic.common.mobile.BasePage - 🔢 DIGIT MAPPED: '2' → Real keypad coordinates (539,1650) with 95% confidence
[TestNG-PoolService-0] INFO com.tonic.common.mobile.BasePage - 🔢 DIGIT MAPPED: '4' → Real keypad coordinates (439,1440) with 95% confidence
[TestNG-PoolService-0] INFO com.tonic.common.mobile.BasePage - 🔢 DIGIT MAPPED: '1' → Real keypad coordinates (431,1650) with 95% confidence
[TestNG-PoolService-0] INFO com.tonic.common.mobile.BasePage - 🔢 DIGIT MAPPED: '4' → Real keypad coordinates (439,1440) with 95% confidence
[TestNG-PoolService-0] INFO com.tonic.common.mobile.BasePage - 🔢 DIGIT MAPPED: '2' → Real keypad coordinates (539,1650) with 95% confidence
[TestNG-PoolService-0] INFO com.tonic.common.mobile.BasePage - 🔢 DIGIT MAPPED: '8' → Real keypad coordinates (539,1215) with 95% confidence
[TestNG-PoolService-0] INFO com.tonic.common.mobile.BasePage - 🔢 DIGIT MAPPED: '7' → Real keypad coordinates (427,1215) with 95% confidence
[TestNG-PoolService-0] INFO com.tonic.common.mobile.BasePage - 🔢 DIGIT MAPPED: '2' → Real keypad coordinates (539,1650) with 95% confidence
[TestNG-PoolService-0] INFO com.tonic.common.mobile.BasePage - 🔢 DIGIT MAPPED: '4' → Real keypad coordinates (439,1440) with 95% confidence
[TestNG-PoolService-0] INFO com.tonic.common.mobile.BasePage - 🔢 DIGIT MAPPED: '1' → Real keypad coordinates (431,1650) with 95% confidence
[TestNG-PoolService-0] INFO com.tonic.common.mobile.BasePage - 🔢 DIGIT MAPPED: '3' → Real keypad coordinates (647,1650) with 95% confidence
[TestNG-PoolService-0] INFO com.tonic.common.mobile.BasePage - 🔢 DIGIT MAPPED: '8' → Real keypad coordinates (539,1215) with 95% confidence
[TestNG-PoolService-0] INFO com.tonic.common.mobile.BasePage - 🔢 DIGIT MAPPED: '6' → Real keypad coordinates (647,1440) with 95% confidence
[TestNG-PoolService-0] INFO com.tonic.common.mobile.BasePage - 🔢 DIGIT MAPPED: '2' → Real keypad coordinates (539,1650) with 95% confidence
[TestNG-PoolService-0] INFO com.tonic.common.mobile.BasePage - 🔢 DIGIT MAPPED: '5' → Real keypad coordinates (539,1440) with 95% confidence
[TestNG-PoolService-0] INFO com.tonic.common.mobile.BasePage - 🔢 DIGIT MAPPED: '1' → Real keypad coordinates (431,1650) with 95% confidence
[TestNG-PoolService-0] INFO com.tonic.common.mobile.BasePage - 🔢 DIGIT MAPPED: '7' → Real keypad coordinates (427,1215) with 95% confidence
[TestNG-PoolService-0] INFO com.tonic.common.mobile.BasePage - 🔢 DIGIT MAPPED: '2' → Real keypad coordinates (539,1650) with 95% confidence
[TestNG-PoolService-0] INFO com.tonic.common.mobile.BasePage - 🔢 DIGIT MAPPED: '4' → Real keypad coordinates (439,1440) with 95% confidence
[TestNG-PoolService-0] INFO com.tonic.common.mobile.BasePage - 🔢 DIGIT MAPPED: '2' → Real keypad coordinates (539,1650) with 95% confidence
[TestNG-PoolService-0] INFO com.tonic.common.mobile.BasePage - 🔢 DIGIT MAPPED: '1' → Real keypad coordinates (431,1650) with 95% confidence
[TestNG-PoolService-0] INFO com.tonic.common.mobile.BasePage - 🔢 DIGIT MAPPED: '1' → Real keypad coordinates (431,1650) with 95% confidence
[TestNG-PoolService-0] INFO com.tonic.common.mobile.BasePage - 🔢 DIGIT MAPPED: '0' → Real keypad coordinates (439,1860) with 95% confidence
[TestNG-PoolService-0] INFO com.tonic.common.mobile.BasePage - 🔢 DIGIT MAPPED: '7' → Real keypad coordinates (427,1215) with 95% confidence
[TestNG-PoolService-0] INFO com.tonic.common.mobile.BasePage - 🔢 DIGIT MAPPED: '5' → Real keypad coordinates (539,1440) with 95% confidence
[TestNG-PoolService-0] INFO com.tonic.common.mobile.BasePage - 🔢 DIGIT MAPPED: '7' → Real keypad coordinates (427,1215) with 95% confidence
[TestNG-PoolService-0] INFO com.tonic.common.mobile.BasePage - 🔢 DIGIT MAPPED: '1' → Real keypad coordinates (431,1650) with 95% confidence
[TestNG-PoolService-0] INFO com.tonic.common.mobile.BasePage - 🔢 DIGIT MAPPED: '3' → Real keypad coordinates (647,1650) with 95% confidence
[TestNG-PoolService-0] INFO com.tonic.common.mobile.BasePage - 🔢 DIGIT MAPPED: '2' → Real keypad coordinates (539,1650) with 95% confidence
[TestNG-PoolService-0] INFO com.tonic.common.mobile.BasePage - 🔢 DIGIT MAPPED: '4' → Real keypad coordinates (439,1440) with 95% confidence
[TestNG-PoolService-0] INFO com.tonic.common.mobile.BasePage - 🔢 DIGIT MAPPED: '9' → Real keypad coordinates (647,1215) with 95% confidence
[TestNG-PoolService-0] INFO com.tonic.common.mobile.BasePage - 🔢 DIGIT MAPPED: '5' → Real keypad coordinates (539,1440) with 95% confidence
[TestNG-PoolService-0] INFO com.tonic.common.mobile.BasePage - 🔢 DIGIT MAPPED: '3' → Real keypad coordinates (647,1650) with 95% confidence
[TestNG-PoolService-0] INFO com.tonic.common.mobile.BasePage - 🔢 DIGIT MAPPED: '1' → Real keypad coordinates (431,1650) with 95% confidence
[TestNG-PoolService-0] INFO com.tonic.common.mobile.BasePage - 🔢 DIGIT MAPPED: '5' → Real keypad coordinates (539,1440) with 95% confidence
[TestNG-PoolService-0] INFO com.tonic.common.mobile.BasePage - 🔢 DIGIT MAPPED: '2' → Real keypad coordinates (539,1650) with 95% confidence
[TestNG-PoolService-0] INFO com.tonic.common.mobile.BasePage - 🔢 DIGIT MAPPED: '0' → Real keypad coordinates (439,1860) with 95% confidence
[TestNG-PoolService-0] INFO com.tonic.common.mobile.BasePage - 🔢 DIGIT MAPPED: '7' → Real keypad coordinates (427,1215) with 95% confidence
[TestNG-PoolService-0] INFO com.tonic.common.mobile.BasePage - 🔢 DIGIT MAPPED: '4' → Real keypad coordinates (439,1440) with 95% confidence
[TestNG-PoolService-0] INFO com.tonic.common.mobile.BasePage - 🔢 DIGIT MAPPED: '6' → Real keypad coordinates (647,1440) with 95% confidence
[TestNG-PoolService-0] INFO com.tonic.common.mobile.BasePage - 🔢 DIGIT MAPPED: '1' → Real keypad coordinates (431,1650) with 95% confidence
[TestNG-PoolService-0] INFO com.tonic.common.mobile.BasePage - 🔢 DIGIT MAPPED: '2' → Real keypad coordinates (539,1650) with 95% confidence
[TestNG-PoolService-0] INFO com.tonic.common.mobile.BasePage - 🔢 DIGIT MAPPED: '0' → Real keypad coordinates (439,1860) with 95% confidence
[TestNG-PoolService-0] INFO com.tonic.common.mobile.BasePage - 🔢 DIGIT MAPPED: '2' → Real keypad coordinates (539,1650) with 95% confidence
[TestNG-PoolService-0] INFO com.tonic.common.mobile.BasePage - 🔢 DIGIT MAPPED: '5' → Real keypad coordinates (539,1440) with 95% confidence
[TestNG-PoolService-0] INFO com.tonic.common.mobile.BasePage - 🔢 DIGIT MAPPED: '9' → Real keypad coordinates (647,1215) with 95% confidence
[TestNG-PoolService-0] INFO com.tonic.common.mobile.BasePage - 🔢 DIGIT MAPPED: '7' → Real keypad coordinates (427,1215) with 95% confidence
[TestNG-PoolService-0] INFO com.tonic.common.mobile.BasePage - 🔢 DIGIT MAPPED: '1' → Real keypad coordinates (431,1650) with 95% confidence
[TestNG-PoolService-0] INFO com.tonic.common.mobile.BasePage - 🔢 DIGIT MAPPED: '2' → Real keypad coordinates (539,1650) with 95% confidence
[TestNG-PoolService-0] INFO com.tonic.common.mobile.BasePage - 🔢 DIGIT MAPPED: '8' → Real keypad coordinates (539,1215) with 95% confidence
[TestNG-PoolService-0] INFO com.tonic.common.mobile.BasePage - 🔢 DIGIT MAPPED: '0' → Real keypad coordinates (439,1860) with 95% confidence
[TestNG-PoolService-0] INFO com.tonic.common.mobile.BasePage - 🔢 DIGIT MAPPED: '2' → Real keypad coordinates (539,1650) with 95% confidence
[TestNG-PoolService-0] INFO com.tonic.common.mobile.BasePage - 🔢 DIGIT MAPPED: '7' → Real keypad coordinates (427,1215) with 95% confidence
[TestNG-PoolService-0] INFO com.tonic.common.mobile.BasePage - 🔢 DIGIT MAPPED: '8' → Real keypad coordinates (539,1215) with 95% confidence
[TestNG-PoolService-0] INFO com.tonic.common.mobile.BasePage - 🔢 DIGIT MAPPED: '4' → Real keypad coordinates (439,1440) with 95% confidence
[TestNG-PoolService-0] INFO com.tonic.common.mobile.BasePage - 🔢 DIGIT MAPPED: '1' → Real keypad coordinates (431,1650) with 95% confidence
[TestNG-PoolService-0] INFO com.tonic.common.mobile.BasePage - 🔢 DIGIT MAPPED: '6' → Real keypad coordinates (647,1440) with 95% confidence
[TestNG-PoolService-0] INFO com.tonic.common.mobile.BasePage - 🔢 DIGIT MAPPED: '1' → Real keypad coordinates (431,1650) with 95% confidence
[TestNG-PoolService-0] INFO com.tonic.common.mobile.BasePage - 🔢 DIGIT MAPPED: '1' → Real keypad coordinates (431,1650) with 95% confidence
[TestNG-PoolService-0] INFO com.tonic.common.mobile.BasePage - 🔢 DIGIT MAPPED: '0' → Real keypad coordinates (439,1860) with 95% confidence
[TestNG-PoolService-0] INFO com.tonic.common.mobile.BasePage - 🔢 DIGIT MAPPED: '3' → Real keypad coordinates (647,1650) with 95% confidence
[TestNG-PoolService-0] INFO com.tonic.common.mobile.BasePage - 🔢 DIGIT MAPPED: '2' → Real keypad coordinates (539,1650) with 95% confidence
[TestNG-PoolService-0] INFO com.tonic.common.mobile.BasePage - 🔢 DIGIT MAPPED: '5' → Real keypad coordinates (539,1440) with 95% confidence
[TestNG-PoolService-0] INFO com.tonic.common.mobile.BasePage - 🔢 DIGIT MAPPED: '9' → Real keypad coordinates (647,1215) with 95% confidence
[TestNG-PoolService-0] INFO com.tonic.common.mobile.BasePage - 🔢 DIGIT MAPPED: '7' → Real keypad coordinates (427,1215) with 95% confidence
[TestNG-PoolService-0] INFO com.tonic.common.mobile.BasePage - 🔢 DIGIT MAPPED: '1' → Real keypad coordinates (431,1650) with 95% confidence
[TestNG-PoolService-0] INFO com.tonic.common.mobile.BasePage - 🔢 DIGIT MAPPED: '2' → Real keypad coordinates (539,1650) with 95% confidence
[TestNG-PoolService-0] INFO com.tonic.common.mobile.BasePage - 🔢 DIGIT MAPPED: '6' → Real keypad coordinates (647,1440) with 95% confidence
[TestNG-PoolService-0] INFO com.tonic.common.mobile.BasePage - 🔢 DIGIT MAPPED: '1' → Real keypad coordinates (431,1650) with 95% confidence
[TestNG-PoolService-0] INFO com.tonic.common.mobile.BasePage - 🔢 DIGIT MAPPED: '2' → Real keypad coordinates (539,1650) with 95% confidence
[...]
[TestNG-PoolService-0] INFO com.tonic.common.mobile.BasePage - 🔢 DIGIT MAPPED: '5' → Real keypad coordinates (539,1440) with 95% confidence
[TestNG-PoolService-0] INFO com.tonic.common.mobile.BasePage - 🔢 DIGIT MAPPED: '6' → Real keypad coordinates (647,1440) with 95% confidence
[TestNG-PoolService-0] INFO com.tonic.common.mobile.BasePage - 🔢 DIGIT MAPPED: '3' → Real keypad coordinates (647,1650) with 95% confidence
[TestNG-PoolService-0] INFO com.tonic.common.mobile.BasePage - 🔢 DIGIT MAPPED: '2' → Real keypad coordinates (539,1650) with 95% confidence
[TestNG-PoolService-0] INFO com.tonic.common.mobile.BasePage - 🔢 DIGIT MAPPED: '9' → Real keypad coordinates (647,1215) with 95% confidence
[TestNG-PoolService-0] INFO com.tonic.common.mobile.BasePage - 🔢 DIGIT MAPPED: '1' → Real keypad coordinates (431,1650) with 95% confidence
[TestNG-PoolService-0] INFO com.tonic.common.mobile.BasePage - 🔢 DIGIT MAPPED: '6' → Real keypad coordinates (647,1440) with 95% confidence
[TestNG-PoolService-0] INFO com.tonic.common.mobile.BasePage - 🔢 DIGIT MAPPED: '0' → Real keypad coordinates (439,1860) with 95% confidence
[TestNG-PoolService-0] INFO com.tonic.common.mobile.BasePage - 🔢 DIGIT MAPPED: '4' → Real keypad coordinates (439,1440) with 95% confidence
[TestNG-PoolService-0] INFO com.tonic.common.mobile.BasePage - 🔢 DIGIT MAPPED: '3' → Real keypad coordinates (647,1650) with 95% confidence
[TestNG-PoolService-0] INFO com.tonic.common.mobile.BasePage - 🔢 DIGIT MAPPED: '9' → Real keypad coordinates (647,1215) with 95% confidence
[TestNG-PoolService-0] INFO com.tonic.common.mobile.BasePage - 🔢 DIGIT MAPPED: '1' → Real keypad coordinates (431,1650) with 95% confidence
[TestNG-PoolService-0] INFO com.tonic.common.mobile.BasePage - 🔢 DIGIT MAPPED: '1' → Real keypad coordinates (431,1650) with 95% confidence
[TestNG-PoolService-0] INFO com.tonic.common.mobile.BasePage - 🔢 DIGIT MAPPED: '2' → Real keypad coordinates (539,1650) with 95% confidence
[TestNG-PoolService-0] INFO com.tonic.common.mobile.BasePage - 🔢 DIGIT MAPPED: '4' → Real keypad coordinates (439,1440) with 95% confidence
[TestNG-PoolService-0] INFO com.tonic.common.mobile.BasePage - 🔢 DIGIT MAPPED: '2' → Real keypad coordinates (539,1650) with 95% confidence
[TestNG-PoolService-0] INFO com.tonic.common.mobile.BasePage - 🔢 DIGIT MAPPED: '4' → Real keypad coordinates (439,1440) with 95% confidence
[TestNG-PoolService-0] INFO com.tonic.common.mobile.BasePage - 🔢 DIGIT MAPPED: '1' → Real keypad coordinates (431,1650) with 95% confidence
[TestNG-PoolService-0] INFO com.tonic.common.mobile.BasePage - 🔢 DIGIT MAPPED: '5' → Real keypad coordinates (539,1440) with 95% confidence
[TestNG-PoolService-0] INFO com.tonic.common.mobile.BasePage - 🔢 DIGIT MAPPED: '5' → Real keypad coordinates (539,1440) with 95% confidence
[TestNG-PoolService-0] INFO com.tonic.common.mobile.BasePage - 🔢 DIGIT MAPPED: '6' → Real keypad coordinates (647,1440) with 95% confidence
[TestNG-PoolService-0] INFO com.tonic.common.mobile.BasePage - 🔢 DIGIT MAPPED: '5' → Real keypad coordinates (539,1440) with 95% confidence
[TestNG-PoolService-0] INFO com.tonic.common.mobile.BasePage - 🔢 DIGIT MAPPED: '4' → Real keypad coordinates (439,1440) with 95% confidence
[TestNG-PoolService-0] INFO com.tonic.common.mobile.BasePage - 🔢 DIGIT MAPPED: '4' → Real keypad coordinates (439,1440) with 95% confidence
[TestNG-PoolService-0] INFO com.tonic.common.mobile.BasePage - 🔢 DIGIT MAPPED: '1' → Real keypad coordinates (431,1650) with 95% confidence
[TestNG-PoolService-0] INFO com.tonic.common.mobile.BasePage - 🔢 DIGIT MAPPED: '6' → Real keypad coordinates (647,1440) with 95% confidence
[TestNG-PoolService-0] INFO com.tonic.common.mobile.BasePage - 🔢 DIGIT MAPPED: '0' → Real keypad coordinates (439,1860) with 95% confidence
[TestNG-PoolService-0] INFO com.tonic.common.mobile.BasePage - 🔢 DIGIT MAPPED: '4' → Real keypad coordinates (439,1440) with 95% confidence
[TestNG-PoolService-0] INFO com.tonic.common.mobile.BasePage - 🔢 DIGIT MAPPED: '8' → Real keypad coordinates (539,1215) with 95% confidence
[TestNG-PoolService-0] INFO com.tonic.common.mobile.BasePage - 🔢 DIGIT MAPPED: '3' → Real keypad coordinates (647,1650) with 95% confidence
[TestNG-PoolService-0] INFO com.tonic.common.mobile.BasePage - 🔢 DIGIT MAPPED: '0' → Real keypad coordinates (439,1860) with 95% confidence
[TestNG-PoolService-0] INFO com.tonic.common.mobile.BasePage - 🔢 DIGIT MAPPED: '0' → Real keypad coordinates (439,1860) with 95% confidence
[TestNG-PoolService-0] INFO com.tonic.common.mobile.BasePage - 🔢 DIGIT MAPPED: '0' → Real keypad coordinates (439,1860) with 95% confidence
[TestNG-PoolService-0] INFO com.tonic.common.mobile.BasePage - 🔢 DIGIT MAPPED: '1' → Real keypad coordinates (431,1650) with 95% confidence
[TestNG-PoolService-0] INFO com.tonic.common.mobile.BasePage - 🔢 DIGIT MAPPED: '1' → Real keypad coordinates (431,1650) with 95% confidence
[TestNG-PoolService-0] INFO com.tonic.common.mobile.BasePage - 🔢 DIGIT MAPPED: '3' → Real keypad coordinates (647,1650) with 95% confidence
[TestNG-PoolService-0] INFO com.tonic.common.mobile.BasePage - 🔢 DIGIT MAPPED: '6' → Real keypad coordinates (647,1440) with 95% confidence
[TestNG-PoolService-0] INFO com.tonic.common.mobile.BasePage - 🔢 DIGIT MAPPED: '4' → Real keypad coordinates (439,1440) with 95% confidence
[TestNG-PoolService-0] INFO com.tonic.common.mobile.BasePage - 🔢 DIGIT MAPPED: '0' → Real keypad coordinates (439,1860) with 95% confidence
[TestNG-PoolService-0] INFO com.tonic.common.mobile.BasePage - 🔢 DIGIT MAPPED: '1' → Real keypad coordinates (431,1650) with 95% confidence
[TestNG-PoolService-0] INFO com.tonic.common.mobile.BasePage - 🔢 DIGIT MAPPED: '5' → Real keypad coordinates (539,1440) with 95% confidence
[TestNG-PoolService-0] INFO com.tonic.common.mobile.BasePage - 🔢 DIGIT MAPPED: '5' → Real keypad coordinates (539,1440) with 95% confidence
[TestNG-PoolService-0] INFO com.tonic.common.mobile.BasePage - 🔢 DIGIT MAPPED: '6' → Real keypad coordinates (647,1440) with 95% confidence
[TestNG-PoolService-0] INFO com.tonic.common.mobile.BasePage - 🔢 DIGIT MAPPED: '9' → Real keypad coordinates (647,1215) with 95% confidence
[TestNG-PoolService-0] INFO com.tonic.common.mobile.BasePage - 🔢 DIGIT MAPPED: '4' → Real keypad coordinates (439,1440) with 95% confidence
[TestNG-PoolService-0] INFO com.tonic.common.mobile.BasePage - 🔢 DIGIT MAPPED: '9' → Real keypad coordinates (647,1215) with 95% confidence
[TestNG-PoolService-0] INFO com.tonic.common.mobile.BasePage - 🔢 DIGIT MAPPED: '1' → Real keypad coordinates (431,1650) with 95% confidence
[TestNG-PoolService-0] INFO com.tonic.common.mobile.BasePage - 🔢 DIGIT MAPPED: '6' → Real keypad coordinates (647,1440) with 95% confidence
[TestNG-PoolService-0] INFO com.tonic.common.mobile.BasePage - 🔢 DIGIT MAPPED: '0' → Real keypad coordinates (439,1860) with 95% confidence
[TestNG-PoolService-0] INFO com.tonic.common.mobile.BasePage - 🔢 DIGIT MAPPED: '4' → Real keypad coordinates (439,1440) with 95% confidence
[TestNG-PoolService-0] INFO com.tonic.common.mobile.BasePage - 🔢 DIGIT MAPPED: '9' → Real keypad coordinates (647,1215) with 95% confidence
[TestNG-PoolService-0] INFO com.tonic.common.mobile.BasePage - 🔢 DIGIT MAPPED: '0' → Real keypad coordinates (439,1860) with 95% confidence
[TestNG-PoolService-0] INFO com.tonic.common.mobile.BasePage - 🔢 DIGIT MAPPED: '1' → Real keypad coordinates (431,1650) with 95% confidence
[TestNG-PoolService-0] INFO com.tonic.common.mobile.BasePage - 🔢 DIGIT MAPPED: '1' → Real keypad coordinates (431,1650) with 95% confidence
[TestNG-PoolService-0] INFO com.tonic.common.mobile.BasePage - 🔢 DIGIT MAPPED: '4' → Real keypad coordinates (439,1440) with 95% confidence
[TestNG-PoolService-0] INFO com.tonic.common.mobile.BasePage - 🔢 DIGIT MAPPED: '1' → Real keypad coordinates (431,1650) with 95% confidence
[TestNG-PoolService-0] INFO com.tonic.common.mobile.BasePage - 🔢 DIGIT MAPPED: '0' → Real keypad coordinates (439,1860) with 95% confidence
[TestNG-PoolService-0] INFO com.tonic.common.mobile.BasePage - 🔢 DIGIT MAPPED: '4' → Real keypad coordinates (439,1440) with 95% confidence
[TestNG-PoolService-0] INFO com.tonic.common.mobile.BasePage - 🔢 DIGIT MAPPED: '4' → Real keypad coordinates (439,1440) with 95% confidence
[TestNG-PoolService-0] INFO com.tonic.common.mobile.BasePage - 🔢 DIGIT MAPPED: '1' → Real keypad coordinates (431,1650) with 95% confidence
[TestNG-PoolService-0] INFO com.tonic.common.mobile.BasePage - 🔢 DIGIT MAPPED: '5' → Real keypad coordinates (539,1440) with 95% confidence
[TestNG-PoolService-0] INFO com.tonic.common.mobile.BasePage - 🔢 DIGIT MAPPED: '5' → Real keypad coordinates (539,1440) with 95% confidence
[TestNG-PoolService-0] INFO com.tonic.common.mobile.BasePage - 🔢 DIGIT MAPPED: '6' → Real keypad coordinates (647,1440) with 95% confidence
[TestNG-PoolService-0] INFO com.tonic.common.mobile.BasePage - 🔢 DIGIT MAPPED: '1' → Real keypad coordinates (431,1650) with 95% confidence
[TestNG-PoolService-0] INFO com.tonic.common.mobile.BasePage - 🔢 DIGIT MAPPED: '1' → Real keypad coordinates (431,1650) with 95% confidence
[TestNG-PoolService-0] INFO com.tonic.common.mobile.BasePage - 🔢 DIGIT MAPPED: '6' → Real keypad coordinates (647,1440) with 95% confidence
[TestNG-PoolService-0] INFO com.tonic.common.mobile.BasePage - 🔢 DIGIT MAPPED: '4' → Real keypad coordinates (439,1440) with 95% confidence
[TestNG-PoolService-0] INFO com.tonic.common.mobile.BasePage - 🔢 DIGIT MAPPED: '1' → Real keypad coordinates (431,1650) with 95% confidence
[TestNG-PoolService-0] INFO com.tonic.common.mobile.BasePage - 🔢 DIGIT MAPPED: '6' → Real keypad coordinates (647,1440) with 95% confidence
[TestNG-PoolService-0] INFO com.tonic.common.mobile.BasePage - 🔢 DIGIT MAPPED: '0' → Real keypad coordinates (439,1860) with 95% confidence
[TestNG-PoolService-0] INFO com.tonic.common.mobile.BasePage - 🔢 DIGIT MAPPED: '4' → Real keypad coordinates (439,1440) with 95% confidence
[TestNG-PoolService-0] INFO com.tonic.common.mobile.BasePage - 🔢 DIGIT MAPPED: '9' → Real keypad coordinates (647,1215) with 95% confidence
[TestNG-PoolService-0] INFO com.tonic.common.mobile.BasePage - 🔢 DIGIT MAPPED: '5' → Real keypad coordinates (539,1440) with 95% confidence
[TestNG-PoolService-0] INFO com.tonic.common.mobile.BasePage - 🔢 DIGIT MAPPED: '0' → Real keypad coordinates (439,1860) with 95% confidence
[TestNG-PoolService-0] INFO com.tonic.common.mobile.BasePage - 🔢 DIGIT MAPPED: '0' → Real keypad coordinates (439,1860) with 95% confidence
[TestNG-PoolService-0] INFO com.tonic.common.mobile.BasePage - 🔢 DIGIT MAPPED: '0' → Real keypad coordinates (439,1860) with 95% confidence
[TestNG-PoolService-0] INFO com.tonic.common.mobile.BasePage - 🔢 DIGIT MAPPED: '1' → Real keypad coordinates (431,1650) with 95% confidence
[TestNG-PoolService-0] INFO com.tonic.common.mobile.BasePage - 🔢 DIGIT MAPPED: '4' → Real keypad coordinates (439,1440) with 95% confidence
[TestNG-PoolService-0] INFO com.tonic.common.mobile.BasePage - 🔢 DIGIT MAPPED: '0' → Real keypad coordinates (439,1860) with 95% confidence
[TestNG-PoolService-0] INFO com.tonic.common.mobile.BasePage - 🔢 DIGIT MAPPED: '2' → Real keypad coordinates (539,1650) with 95% confidence
[TestNG-PoolService-0] INFO com.tonic.common.mobile.BasePage - 🔢 DIGIT MAPPED: '7' → Real keypad coordinates (427,1215) with 95% confidence
[TestNG-PoolService-0] INFO com.tonic.common.mobile.BasePage - 🔢 DIGIT MAPPED: '8' → Real keypad coordinates (539,1215) with 95% confidence
[TestNG-PoolService-0] INFO com.tonic.common.mobile.BasePage - 🔢 DIGIT MAPPED: '4' → Real keypad coordinates (439,1440) with 95% confidence
[TestNG-PoolService-0] INFO com.tonic.common.mobile.BasePage - 🔢 DIGIT MAPPED: '1' → Real keypad coordinates (431,1650) with 95% confidence
[TestNG-PoolService-0] INFO com.tonic.common.mobile.BasePage - 🔢 DIGIT MAPPED: '2' → Real keypad coordinates (539,1650) with 95% confidence
[TestNG-PoolService-0] INFO com.tonic.common.mobile.BasePage - 🔢 DIGIT MAPPED: '8' → Real keypad coordinates (539,1215) with 95% confidence
[TestNG-PoolService-0] INFO com.tonic.common.mobile.BasePage - 🔢 DIGIT MAPPED: '0' → Real keypad coordinates (439,1860) with 95% confidence
[TestNG-PoolService-0] INFO com.tonic.common.mobile.BasePage - 🔢 DIGIT MAPPED: '2' → Real keypad coordinates (539,1650) with 95% confidence
[TestNG-PoolService-0] INFO com.tonic.common.mobile.BasePage - 🔢 DIGIT MAPPED: '8' → Real keypad coordinates (539,1215) with 95% confidence
[TestNG-PoolService-0] INFO com.tonic.common.mobile.BasePage - 🔢 DIGIT MAPPED: '5' → Real keypad coordinates (539,1440) with 95% confidence
[TestNG-PoolService-0] INFO com.tonic.common.mobile.BasePage - 🔢 DIGIT MAPPED: '6' → Real keypad coordinates (647,1440) with 95% confidence
[TestNG-PoolService-0] INFO com.tonic.common.mobile.BasePage - 🔢 DIGIT MAPPED: '0' → Real keypad coordinates (439,1860) with 95% confidence
[TestNG-PoolService-0] INFO com.tonic.common.mobile.BasePage - 🔢 DIGIT MAPPED: '0' → Real keypad coordinates (439,1860) with 95% confidence
[TestNG-PoolService-0] INFO com.tonic.common.mobile.BasePage - 🔢 DIGIT MAPPED: '8' → Real keypad coordinates (539,1215) with 95% confidence
[TestNG-PoolService-0] INFO com.tonic.common.mobile.BasePage - 🔢 DIGIT MAPPED: '3' → Real keypad coordinates (647,1650) with 95% confidence
[TestNG-PoolService-0] INFO com.tonic.common.mobile.BasePage - 🔢 DIGIT MAPPED: '3' → Real keypad coordinates (647,1650) with 95% confidence
[TestNG-PoolService-0] INFO com.tonic.common.mobile.BasePage - 🔢 DIGIT MAPPED: '5' → Real keypad coordinates (539,1440) with 95% confidence
[TestNG-PoolService-0] INFO com.tonic.common.mobile.BasePage - 🔢 DIGIT MAPPED: '5' → Real keypad coordinates (539,1440) with 95% confidence
[TestNG-PoolService-0] INFO com.tonic.common.mobile.BasePage - 🔢 DIGIT MAPPED: '2' → Real keypad coordinates (539,1650) with 95% confidence
[TestNG-PoolService-0] INFO com.tonic.common.mobile.BasePage - 🔢 DIGIT MAPPED: '6' → Real keypad coordinates (647,1440) with 95% confidence
[TestNG-PoolService-0] INFO com.tonic.common.mobile.BasePage - 🔢 DIGIT MAPPED: '3' → Real keypad coordinates (647,1650) with 95% confidence
[TestNG-PoolService-0] INFO com.tonic.common.mobile.BasePage - 🔢 DIGIT MAPPED: '1' → Real keypad coordinates (431,1650) with 95% confidence
[TestNG-PoolService-0] INFO com.tonic.common.mobile.BasePage - 🔢 DIGIT MAPPED: '1' → Real keypad coordinates (431,1650) with 95% confidence
[TestNG-PoolService-0] INFO com.tonic.common.mobile.BasePage - 🔢 DIGIT MAPPED: '3' → Real keypad coordinates (647,1650) with 95% confidence
[TestNG-PoolService-0] INFO com.tonic.common.mobile.BasePage - 🔢 DIGIT MAPPED: '5' → Real keypad coordinates (539,1440) with 95% confidence
[TestNG-PoolService-0] INFO com.tonic.common.mobile.BasePage - 🔢 DIGIT MAPPED: '5' → Real keypad coordinates (539,1440) with 95% confidence
[TestNG-PoolService-0] INFO com.tonic.common.mobile.BasePage - 🔢 DIGIT MAPPED: '2' → Real keypad coordinates (539,1650) with 95% confidence
[TestNG-PoolService-0] INFO com.tonic.common.mobile.BasePage - 🔢 DIGIT MAPPED: '6' → Real keypad coordinates (647,1440) with 95% confidence
[TestNG-PoolService-0] INFO com.tonic.common.mobile.BasePage - 🔢 DIGIT MAPPED: '1' → Real keypad coordinates (431,1650) with 95% confidence
[TestNG-PoolService-0] INFO com.tonic.common.mobile.BasePage - 🔢 DIGIT MAPPED: '1' → Real keypad coordinates (431,1650) with 95% confidence
[TestNG-PoolService-0] INFO com.tonic.common.mobile.BasePage - 🔢 DIGIT MAPPED: '8' → Real keypad coordinates (539,1215) with 95% confidence
[TestNG-PoolService-0] INFO com.tonic.common.mobile.BasePage - 🔢 DIGIT MAPPED: '8' → Real keypad coordinates (539,1215) with 95% confidence
[TestNG-PoolService-0] INFO com.tonic.common.mobile.BasePage - 🔢 DIGIT MAPPED: '3' → Real keypad coordinates (647,1650) with 95% confidence
[TestNG-PoolService-0] INFO com.tonic.common.mobile.BasePage - 🔢 DIGIT MAPPED: '8' → Real keypad coordinates (539,1215) with 95% confidence
[TestNG-PoolService-0] INFO com.tonic.common.mobile.BasePage - 🔢 DIGIT MAPPED: '6' → Real keypad coordinates (647,1440) with 95% confidence
[TestNG-PoolService-0] INFO com.tonic.common.mobile.BasePage - 🔢 DIGIT MAPPED: '2' → Real keypad coordinates (539,1650) with 95% confidence
[TestNG-PoolService-0] INFO com.tonic.common.mobile.BasePage - 🔢 DIGIT MAPPED: '1' → Real keypad coordinates (431,1650) with 95% confidence
[TestNG-PoolService-0] INFO com.tonic.common.mobile.BasePage - 🔢 DIGIT MAPPED: '1' → Real keypad coordinates (431,1650) with 95% confidence
[TestNG-PoolService-0] INFO com.tonic.common.mobile.BasePage - 🔢 DIGIT MAPPED: '1' → Real keypad coordinates (431,1650) with 95% confidence
[TestNG-PoolService-0] INFO com.tonic.common.mobile.BasePage - 🔢 DIGIT MAPPED: '5' → Real keypad coordinates (539,1440) with 95% confidence
[TestNG-PoolService-0] INFO com.tonic.common.mobile.BasePage - 🔢 DIGIT MAPPED: '0' → Real keypad coordinates (439,1860) with 95% confidence
[TestNG-PoolService-0] INFO com.tonic.common.mobile.BasePage - 🔢 DIGIT MAPPED: '2' → Real keypad coordinates (539,1650) with 95% confidence
[TestNG-PoolService-0] INFO com.tonic.common.mobile.BasePage - 🔢 DIGIT MAPPED: '7' → Real keypad coordinates (427,1215) with 95% confidence
[TestNG-PoolService-0] INFO com.tonic.common.mobile.BasePage - 🔢 DIGIT MAPPED: '8' → Real keypad coordinates (539,1215) with 95% confidence
[TestNG-PoolService-0] INFO com.tonic.common.mobile.BasePage - 🔢 DIGIT MAPPED: '4' → Real keypad coordinates (439,1440) with 95% confidence
[TestNG-PoolService-0] INFO com.tonic.common.mobile.BasePage - 🔢 DIGIT MAPPED: '1' → Real keypad coordinates (431,1650) with 95% confidence
[TestNG-PoolService-0] INFO com.tonic.common.mobile.BasePage - 🔢 DIGIT MAPPED: '2' → Real keypad coordinates (539,1650) with 95% confidence
[TestNG-PoolService-0] INFO com.tonic.common.mobile.BasePage - 🔢 DIGIT MAPPED: '8' → Real keypad coordinates (539,1215) with 95% confidence
[TestNG-PoolService-0] INFO com.tonic.common.mobile.BasePage - 🔢 DIGIT MAPPED: '0' → Real keypad coordinates (439,1860) with 95% confidence
[TestNG-PoolService-0] INFO com.tonic.common.mobile.BasePage - 🔢 DIGIT MAPPED: '2' → Real keypad coordinates (539,1650) with 95% confidence
[TestNG-PoolService-0] INFO com.tonic.common.mobile.BasePage - 🔢 DIGIT MAPPED: '8' → Real keypad coordinates (539,1215) with 95% confidence
[TestNG-PoolService-0] INFO com.tonic.common.mobile.BasePage - 🔢 DIGIT MAPPED: '5' → Real keypad coordinates (539,1440) with 95% confidence
[TestNG-PoolService-0] INFO com.tonic.common.mobile.BasePage - 🔢 DIGIT MAPPED: '6' → Real keypad coordinates (647,1440) with 95% confidence
[TestNG-PoolService-0] INFO com.tonic.common.mobile.BasePage - 🔢 DIGIT MAPPED: '3' → Real keypad coordinates (647,1650) with 95% confidence
[TestNG-PoolService-0] INFO com.tonic.common.mobile.BasePage - 🔢 DIGIT MAPPED: '5' → Real keypad coordinates (539,1440) with 95% confidence
[TestNG-PoolService-0] INFO com.tonic.common.mobile.BasePage - ✅ INTELLIGENT MAPPING: Successfully mapped 470 elements to real coordinates
[TestNG-PoolService-0] INFO com.tonic.common.mobile.BasePage - Generated 470 OCR elements with intelligent coordinate mapping
[TestNG-PoolService-0] INFO com.tonic.stepDefinitions.mobile.MobileLoginOCRSteps - MOBILE OCR LOGIN: ✅ Login success detected - found: '3'
[TestNG-PoolService-0] INFO com.tonic.stepDefinitions.mobile.MobileLoginOCRSteps - MOBILE OCR LOGIN: Login verification completed
[TestNG-PoolService-0] INFO com.tonic.stepDefinitions.mobile.MobileLoginOCRSteps - === MOBILE OCR LOGIN: Taking post-login screenshot ===
[TestNG-PoolService-0] INFO com.tonic.common.mobile.BasePage - Screenshot saved successfully: screenshots/Mobile_Login_Post_Login_OCR_1754640169458.png
[TestNG-PoolService-0] INFO com.tonic.stepDefinitions.mobile.MobileLoginOCRSteps - MOBILE OCR LOGIN: Post-login screenshot captured: screenshots/Mobile_Login_Post_Login_OCR_1754640169458.png
]]></system-err>
  </testcase>
</testsuite>