<?xml version="1.0" encoding="UTF-8"?>
<testsuite xmlns:xsi="http://www.w3.org/2001/XMLSchema-instance" xsi:noNamespaceSchemaLocation="https://maven.apache.org/surefire/maven-surefire-plugin/xsd/surefire-test-report-3.0.xsd" version="3.0" name="com.tonic.tests.web.LoginTest" time="10.659" tests="1" errors="0" skipped="0" failures="0">
  <properties>
[...]
</properties>
  <testcase name="loginWithValidCredentials" classname="com.tonic.tests.web.LoginTest" time="3.98">
    <system-out><![CDATA[Browser name is: chrome
ExtentReports initialized. Report will be saved to: /Users/vrize/Documents/vrize2/Tonic_Playwright_Java/build/TestExecutionReport1747992357051.html
Using existing browser session for test method
Screenshot taken: Before login
App creds: Prasanna@vrize.com:Password@123
user is logged in successfully....
Screenshot taken: After login submission
Screenshot taken: Dashboard verification
Screenshot taken: Final dashboard state
]]></system-out>
    <system-err><![CDATA[SLF4J: Failed to load class "org.slf4j.impl.StaticLoggerBinder".
SLF4J: Defaulting to no-operation (NOP) logger implementation
SLF4J: See http://www.slf4j.org/codes.html#StaticLoggerBinder for further details.
]]></system-err>
  </testcase>
</testsuite>