<?xml version="1.0" encoding="UTF-8"?>
<!-- Generated by org.testng.reporters.JUnitReportReporter -->
<testsuite hostname="Gauravs-MacBook-Air-V.local" failures="1" tests="1" name="com.tonic.runners.TestRunner" time="97.944" errors="0" timestamp="2025-08-22T04:57:39 EDT" skipped="0">
  <testcase classname="com.tonic.runners.TestRunner" name="runScenario" time="97.944">
    <failure message="Store Login Required!" type="java.lang.AssertionError">
      <![CDATA[java.lang.AssertionError: Store Login Required!
at org.testng.Assert.fail(Assert.java:111)
at com.tonic.pageObjects.mobile.Login.performResourceLogin(Login.java:46)
at com.tonic.stepDefinitions.web.menu.MenuConfigurationSteps.theMobileAppIsLaunchedWithCredentials(MenuConfigurationSteps.java:126)
at ✽.The user is logged into the Tonic FOH with resource id "7","4" and "1"(file:///Users/vrize/Documents/vrize2/BOH_Automation/tonic-ai-automation/src/test/resources/features/web/menu/MenuConfiguration.feature:38)
]]>
    </failure>
  </testcase> <!-- runScenario -->
</testsuite> <!-- com.tonic.runners.TestRunner -->
